<?xml version="1.0" encoding="UTF-8"?>
<testsuite xmlns:xsi="http://www.w3.org/2001/XMLSchema-instance" xsi:noNamespaceSchemaLocation="https://maven.apache.org/surefire/maven-surefire-plugin/xsd/surefire-test-report-3.0.xsd" version="3.0" name="com.devtiro.database.controllers.AuthorControllerIntegrationTests" time="11.311" tests="14" errors="0" skipped="0" failures="0">
  <properties>
    <property name="java.specification.version" value="20"/>
    <property name="sun.cpu.isalist" value="amd64"/>
    <property name="sun.jnu.encoding" value="Cp1252"/>
    <property name="java.class.path" value="C:\Users\andri\Downloads\APi\spring-api\target\test-classes;C:\Users\andri\Downloads\APi\spring-api\target\classes;C:\Users\andri\.m2\repository\org\springframework\boot\spring-boot-starter-web\3.1.0\spring-boot-starter-web-3.1.0.jar;C:\Users\andri\.m2\repository\org\springframework\boot\spring-boot-starter\3.1.0\spring-boot-starter-3.1.0.jar;C:\Users\andri\.m2\repository\org\springframework\boot\spring-boot\3.1.0\spring-boot-3.1.0.jar;C:\Users\andri\.m2\repository\org\springframework\boot\spring-boot-autoconfigure\3.1.0\spring-boot-autoconfigure-3.1.0.jar;C:\Users\andri\.m2\repository\org\springframework\boot\spring-boot-starter-logging\3.1.0\spring-boot-starter-logging-3.1.0.jar;C:\Users\andri\.m2\repository\ch\qos\logback\logback-classic\1.4.7\logback-classic-1.4.7.jar;C:\Users\andri\.m2\repository\ch\qos\logback\logback-core\1.4.7\logback-core-1.4.7.jar;C:\Users\andri\.m2\repository\org\apache\logging\log4j\log4j-to-slf4j\2.20.0\log4j-to-slf4j-2.20.0.jar;C:\Users\andri\.m2\repository\org\apache\logging\log4j\log4j-api\2.20.0\log4j-api-2.20.0.jar;C:\Users\andri\.m2\repository\org\slf4j\jul-to-slf4j\2.0.7\jul-to-slf4j-2.0.7.jar;C:\Users\andri\.m2\repository\jakarta\annotation\jakarta.annotation-api\2.1.1\jakarta.annotation-api-2.1.1.jar;C:\Users\andri\.m2\repository\org\yaml\snakeyaml\1.33\snakeyaml-1.33.jar;C:\Users\andri\.m2\repository\org\springframework\boot\spring-boot-starter-json\3.1.0\spring-boot-starter-json-3.1.0.jar;C:\Users\andri\.m2\repository\com\fasterxml\jackson\core\jackson-databind\2.15.0\jackson-databind-2.15.0.jar;C:\Users\andri\.m2\repository\com\fasterxml\jackson\core\jackson-annotations\2.15.0\jackson-annotations-2.15.0.jar;C:\Users\andri\.m2\repository\com\fasterxml\jackson\core\jackson-core\2.15.0\jackson-core-2.15.0.jar;C:\Users\andri\.m2\repository\com\fasterxml\jackson\datatype\jackson-datatype-jdk8\2.15.0\jackson-datatype-jdk8-2.15.0.jar;C:\Users\andri\.m2\repository\com\fasterxml\jackson\datatype\jackson-datatype-jsr310\2.15.0\jackson-datatype-jsr310-2.15.0.jar;C:\Users\andri\.m2\repository\com\fasterxml\jackson\module\jackson-module-parameter-names\2.15.0\jackson-module-parameter-names-2.15.0.jar;C:\Users\andri\.m2\repository\org\springframework\boot\spring-boot-starter-tomcat\3.1.0\spring-boot-starter-tomcat-3.1.0.jar;C:\Users\andri\.m2\repository\org\apache\tomcat\embed\tomcat-embed-core\10.1.8\tomcat-embed-core-10.1.8.jar;C:\Users\andri\.m2\repository\org\apache\tomcat\embed\tomcat-embed-el\10.1.8\tomcat-embed-el-10.1.8.jar;C:\Users\andri\.m2\repository\org\apache\tomcat\embed\tomcat-embed-websocket\10.1.8\tomcat-embed-websocket-10.1.8.jar;C:\Users\andri\.m2\repository\org\springframework\spring-web\6.0.9\spring-web-6.0.9.jar;C:\Users\andri\.m2\repository\org\springframework\spring-beans\6.0.9\spring-beans-6.0.9.jar;C:\Users\andri\.m2\repository\io\micrometer\micrometer-observation\1.11.0\micrometer-observation-1.11.0.jar;C:\Users\andri\.m2\repository\io\micrometer\micrometer-commons\1.11.0\micrometer-commons-1.11.0.jar;C:\Users\andri\.m2\repository\org\springframework\spring-webmvc\6.0.9\spring-webmvc-6.0.9.jar;C:\Users\andri\.m2\repository\org\springframework\spring-aop\6.0.9\spring-aop-6.0.9.jar;C:\Users\andri\.m2\repository\org\springframework\spring-context\6.0.9\spring-context-6.0.9.jar;C:\Users\andri\.m2\repository\org\springframework\spring-expression\6.0.9\spring-expression-6.0.9.jar;C:\Users\andri\.m2\repository\org\springframework\boot\spring-boot-starter-data-jpa\3.1.0\spring-boot-starter-data-jpa-3.1.0.jar;C:\Users\andri\.m2\repository\org\springframework\boot\spring-boot-starter-aop\3.1.0\spring-boot-starter-aop-3.1.0.jar;C:\Users\andri\.m2\repository\org\aspectj\aspectjweaver\1.9.19\aspectjweaver-1.9.19.jar;C:\Users\andri\.m2\repository\org\springframework\boot\spring-boot-starter-jdbc\3.1.0\spring-boot-starter-jdbc-3.1.0.jar;C:\Users\andri\.m2\repository\com\zaxxer\HikariCP\5.0.1\HikariCP-5.0.1.jar;C:\Users\andri\.m2\repository\org\springframework\spring-jdbc\6.0.9\spring-jdbc-6.0.9.jar;C:\Users\andri\.m2\repository\org\hibernate\orm\hibernate-core\6.2.2.Final\hibernate-core-6.2.2.Final.jar;C:\Users\andri\.m2\repository\jakarta\persistence\jakarta.persistence-api\3.1.0\jakarta.persistence-api-3.1.0.jar;C:\Users\andri\.m2\repository\jakarta\transaction\jakarta.transaction-api\2.0.1\jakarta.transaction-api-2.0.1.jar;C:\Users\andri\.m2\repository\org\jboss\logging\jboss-logging\3.5.0.Final\jboss-logging-3.5.0.Final.jar;C:\Users\andri\.m2\repository\org\hibernate\common\hibernate-commons-annotations\6.0.6.Final\hibernate-commons-annotations-6.0.6.Final.jar;C:\Users\andri\.m2\repository\io\smallrye\jandex\3.0.5\jandex-3.0.5.jar;C:\Users\andri\.m2\repository\com\fasterxml\classmate\1.5.1\classmate-1.5.1.jar;C:\Users\andri\.m2\repository\net\bytebuddy\byte-buddy\1.14.4\byte-buddy-1.14.4.jar;C:\Users\andri\.m2\repository\org\glassfish\jaxb\jaxb-runtime\4.0.2\jaxb-runtime-4.0.2.jar;C:\Users\andri\.m2\repository\org\glassfish\jaxb\jaxb-core\4.0.2\jaxb-core-4.0.2.jar;C:\Users\andri\.m2\repository\org\eclipse\angus\angus-activation\2.0.0\angus-activation-2.0.0.jar;C:\Users\andri\.m2\repository\org\glassfish\jaxb\txw2\4.0.2\txw2-4.0.2.jar;C:\Users\andri\.m2\repository\com\sun\istack\istack-commons-runtime\4.1.1\istack-commons-runtime-4.1.1.jar;C:\Users\andri\.m2\repository\jakarta\inject\jakarta.inject-api\2.0.1\jakarta.inject-api-2.0.1.jar;C:\Users\andri\.m2\repository\org\antlr\antlr4-runtime\4.10.1\antlr4-runtime-4.10.1.jar;C:\Users\andri\.m2\repository\org\springframework\data\spring-data-jpa\3.1.0\spring-data-jpa-3.1.0.jar;C:\Users\andri\.m2\repository\org\springframework\data\spring-data-commons\3.1.0\spring-data-commons-3.1.0.jar;C:\Users\andri\.m2\repository\org\springframework\spring-orm\6.0.9\spring-orm-6.0.9.jar;C:\Users\andri\.m2\repository\org\springframework\spring-tx\6.0.9\spring-tx-6.0.9.jar;C:\Users\andri\.m2\repository\org\slf4j\slf4j-api\2.0.7\slf4j-api-2.0.7.jar;C:\Users\andri\.m2\repository\org\springframework\spring-aspects\6.0.9\spring-aspects-6.0.9.jar;C:\Users\andri\.m2\repository\org\postgresql\postgresql\42.6.0\postgresql-42.6.0.jar;C:\Users\andri\.m2\repository\org\checkerframework\checker-qual\3.31.0\checker-qual-3.31.0.jar;C:\Users\andri\.m2\repository\org\projectlombok\lombok\1.18.26\lombok-1.18.26.jar;C:\Users\andri\.m2\repository\org\modelmapper\modelmapper\3.0.0\modelmapper-3.0.0.jar;C:\Users\andri\.m2\repository\org\springframework\boot\spring-boot-starter-test\3.1.0\spring-boot-starter-test-3.1.0.jar;C:\Users\andri\.m2\repository\org\springframework\boot\spring-boot-test\3.1.0\spring-boot-test-3.1.0.jar;C:\Users\andri\.m2\repository\org\springframework\boot\spring-boot-test-autoconfigure\3.1.0\spring-boot-test-autoconfigure-3.1.0.jar;C:\Users\andri\.m2\repository\com\jayway\jsonpath\json-path\2.8.0\json-path-2.8.0.jar;C:\Users\andri\.m2\repository\jakarta\xml\bind\jakarta.xml.bind-api\4.0.0\jakarta.xml.bind-api-4.0.0.jar;C:\Users\andri\.m2\repository\jakarta\activation\jakarta.activation-api\2.1.2\jakarta.activation-api-2.1.2.jar;C:\Users\andri\.m2\repository\net\minidev\json-smart\2.4.10\json-smart-2.4.10.jar;C:\Users\andri\.m2\repository\net\minidev\accessors-smart\2.4.9\accessors-smart-2.4.9.jar;C:\Users\andri\.m2\repository\org\ow2\asm\asm\9.3\asm-9.3.jar;C:\Users\andri\.m2\repository\org\assertj\assertj-core\3.24.2\assertj-core-3.24.2.jar;C:\Users\andri\.m2\repository\org\hamcrest\hamcrest\2.2\hamcrest-2.2.jar;C:\Users\andri\.m2\repository\org\junit\jupiter\junit-jupiter\5.9.3\junit-jupiter-5.9.3.jar;C:\Users\andri\.m2\repository\org\junit\jupiter\junit-jupiter-api\5.9.3\junit-jupiter-api-5.9.3.jar;C:\Users\andri\.m2\repository\org\opentest4j\opentest4j\1.2.0\opentest4j-1.2.0.jar;C:\Users\andri\.m2\repository\org\junit\platform\junit-platform-commons\1.9.3\junit-platform-commons-1.9.3.jar;C:\Users\andri\.m2\repository\org\apiguardian\apiguardian-api\1.1.2\apiguardian-api-1.1.2.jar;C:\Users\andri\.m2\repository\org\junit\jupiter\junit-jupiter-params\5.9.3\junit-jupiter-params-5.9.3.jar;C:\Users\andri\.m2\repository\org\junit\jupiter\junit-jupiter-engine\5.9.3\junit-jupiter-engine-5.9.3.jar;C:\Users\andri\.m2\repository\org\junit\platform\junit-platform-engine\1.9.3\junit-platform-engine-1.9.3.jar;C:\Users\andri\.m2\repository\org\mockito\mockito-core\5.3.1\mockito-core-5.3.1.jar;C:\Users\andri\.m2\repository\net\bytebuddy\byte-buddy-agent\1.14.4\byte-buddy-agent-1.14.4.jar;C:\Users\andri\.m2\repository\org\objenesis\objenesis\3.3\objenesis-3.3.jar;C:\Users\andri\.m2\repository\org\mockito\mockito-junit-jupiter\5.3.1\mockito-junit-jupiter-5.3.1.jar;C:\Users\andri\.m2\repository\org\skyscreamer\jsonassert\1.5.1\jsonassert-1.5.1.jar;C:\Users\andri\.m2\repository\com\vaadin\external\google\android-json\0.0.20131108.vaadin1\android-json-0.0.20131108.vaadin1.jar;C:\Users\andri\.m2\repository\org\springframework\spring-core\6.0.9\spring-core-6.0.9.jar;C:\Users\andri\.m2\repository\org\springframework\spring-jcl\6.0.9\spring-jcl-6.0.9.jar;C:\Users\andri\.m2\repository\org\springframework\spring-test\6.0.9\spring-test-6.0.9.jar;C:\Users\andri\.m2\repository\org\xmlunit\xmlunit-core\2.9.1\xmlunit-core-2.9.1.jar;C:\Users\andri\.m2\repository\com\h2database\h2\2.1.214\h2-2.1.214.jar;"/>
    <property name="java.vm.vendor" value="Oracle Corporation"/>
    <property name="sun.arch.data.model" value="64"/>
    <property name="user.variant" value=""/>
    <property name="java.vendor.url" value="https://java.oracle.com/"/>
    <property name="user.timezone" value="Europe/Zurich"/>
    <property name="org.jboss.logging.provider" value="slf4j"/>
    <property name="os.name" value="Windows 11"/>
    <property name="java.vm.specification.version" value="20"/>
    <property name="sun.java.launcher" value="SUN_STANDARD"/>
    <property name="user.country" value="CH"/>
    <property name="sun.boot.library.path" value="C:\Program Files\Java\jdk-20\bin"/>
    <property name="sun.java.command" value="C:\Users\andri\AppData\Local\Temp\surefire17302124462621029557\surefirebooter-20230907080702049_3.jar C:\Users\andri\AppData\Local\Temp\surefire17302124462621029557 2023-09-07T08-07-01_623-jvmRun1 surefire-20230907080702049_1tmp surefire_0-20230907080702049_2tmp"/>
    <property name="jdk.debug" value="release"/>
    <property name="surefire.test.class.path" value="C:\Users\andri\Downloads\APi\spring-api\target\test-classes;C:\Users\andri\Downloads\APi\spring-api\target\classes;C:\Users\andri\.m2\repository\org\springframework\boot\spring-boot-starter-web\3.1.0\spring-boot-starter-web-3.1.0.jar;C:\Users\andri\.m2\repository\org\springframework\boot\spring-boot-starter\3.1.0\spring-boot-starter-3.1.0.jar;C:\Users\andri\.m2\repository\org\springframework\boot\spring-boot\3.1.0\spring-boot-3.1.0.jar;C:\Users\andri\.m2\repository\org\springframework\boot\spring-boot-autoconfigure\3.1.0\spring-boot-autoconfigure-3.1.0.jar;C:\Users\andri\.m2\repository\org\springframework\boot\spring-boot-starter-logging\3.1.0\spring-boot-starter-logging-3.1.0.jar;C:\Users\andri\.m2\repository\ch\qos\logback\logback-classic\1.4.7\logback-classic-1.4.7.jar;C:\Users\andri\.m2\repository\ch\qos\logback\logback-core\1.4.7\logback-core-1.4.7.jar;C:\Users\andri\.m2\repository\org\apache\logging\log4j\log4j-to-slf4j\2.20.0\log4j-to-slf4j-2.20.0.jar;C:\Users\andri\.m2\repository\org\apache\logging\log4j\log4j-api\2.20.0\log4j-api-2.20.0.jar;C:\Users\andri\.m2\repository\org\slf4j\jul-to-slf4j\2.0.7\jul-to-slf4j-2.0.7.jar;C:\Users\andri\.m2\repository\jakarta\annotation\jakarta.annotation-api\2.1.1\jakarta.annotation-api-2.1.1.jar;C:\Users\andri\.m2\repository\org\yaml\snakeyaml\1.33\snakeyaml-1.33.jar;C:\Users\andri\.m2\repository\org\springframework\boot\spring-boot-starter-json\3.1.0\spring-boot-starter-json-3.1.0.jar;C:\Users\andri\.m2\repository\com\fasterxml\jackson\core\jackson-databind\2.15.0\jackson-databind-2.15.0.jar;C:\Users\andri\.m2\repository\com\fasterxml\jackson\core\jackson-annotations\2.15.0\jackson-annotations-2.15.0.jar;C:\Users\andri\.m2\repository\com\fasterxml\jackson\core\jackson-core\2.15.0\jackson-core-2.15.0.jar;C:\Users\andri\.m2\repository\com\fasterxml\jackson\datatype\jackson-datatype-jdk8\2.15.0\jackson-datatype-jdk8-2.15.0.jar;C:\Users\andri\.m2\repository\com\fasterxml\jackson\datatype\jackson-datatype-jsr310\2.15.0\jackson-datatype-jsr310-2.15.0.jar;C:\Users\andri\.m2\repository\com\fasterxml\jackson\module\jackson-module-parameter-names\2.15.0\jackson-module-parameter-names-2.15.0.jar;C:\Users\andri\.m2\repository\org\springframework\boot\spring-boot-starter-tomcat\3.1.0\spring-boot-starter-tomcat-3.1.0.jar;C:\Users\andri\.m2\repository\org\apache\tomcat\embed\tomcat-embed-core\10.1.8\tomcat-embed-core-10.1.8.jar;C:\Users\andri\.m2\repository\org\apache\tomcat\embed\tomcat-embed-el\10.1.8\tomcat-embed-el-10.1.8.jar;C:\Users\andri\.m2\repository\org\apache\tomcat\embed\tomcat-embed-websocket\10.1.8\tomcat-embed-websocket-10.1.8.jar;C:\Users\andri\.m2\repository\org\springframework\spring-web\6.0.9\spring-web-6.0.9.jar;C:\Users\andri\.m2\repository\org\springframework\spring-beans\6.0.9\spring-beans-6.0.9.jar;C:\Users\andri\.m2\repository\io\micrometer\micrometer-observation\1.11.0\micrometer-observation-1.11.0.jar;C:\Users\andri\.m2\repository\io\micrometer\micrometer-commons\1.11.0\micrometer-commons-1.11.0.jar;C:\Users\andri\.m2\repository\org\springframework\spring-webmvc\6.0.9\spring-webmvc-6.0.9.jar;C:\Users\andri\.m2\repository\org\springframework\spring-aop\6.0.9\spring-aop-6.0.9.jar;C:\Users\andri\.m2\repository\org\springframework\spring-context\6.0.9\spring-context-6.0.9.jar;C:\Users\andri\.m2\repository\org\springframework\spring-expression\6.0.9\spring-expression-6.0.9.jar;C:\Users\andri\.m2\repository\org\springframework\boot\spring-boot-starter-data-jpa\3.1.0\spring-boot-starter-data-jpa-3.1.0.jar;C:\Users\andri\.m2\repository\org\springframework\boot\spring-boot-starter-aop\3.1.0\spring-boot-starter-aop-3.1.0.jar;C:\Users\andri\.m2\repository\org\aspectj\aspectjweaver\1.9.19\aspectjweaver-1.9.19.jar;C:\Users\andri\.m2\repository\org\springframework\boot\spring-boot-starter-jdbc\3.1.0\spring-boot-starter-jdbc-3.1.0.jar;C:\Users\andri\.m2\repository\com\zaxxer\HikariCP\5.0.1\HikariCP-5.0.1.jar;C:\Users\andri\.m2\repository\org\springframework\spring-jdbc\6.0.9\spring-jdbc-6.0.9.jar;C:\Users\andri\.m2\repository\org\hibernate\orm\hibernate-core\6.2.2.Final\hibernate-core-6.2.2.Final.jar;C:\Users\andri\.m2\repository\jakarta\persistence\jakarta.persistence-api\3.1.0\jakarta.persistence-api-3.1.0.jar;C:\Users\andri\.m2\repository\jakarta\transaction\jakarta.transaction-api\2.0.1\jakarta.transaction-api-2.0.1.jar;C:\Users\andri\.m2\repository\org\jboss\logging\jboss-logging\3.5.0.Final\jboss-logging-3.5.0.Final.jar;C:\Users\andri\.m2\repository\org\hibernate\common\hibernate-commons-annotations\6.0.6.Final\hibernate-commons-annotations-6.0.6.Final.jar;C:\Users\andri\.m2\repository\io\smallrye\jandex\3.0.5\jandex-3.0.5.jar;C:\Users\andri\.m2\repository\com\fasterxml\classmate\1.5.1\classmate-1.5.1.jar;C:\Users\andri\.m2\repository\net\bytebuddy\byte-buddy\1.14.4\byte-buddy-1.14.4.jar;C:\Users\andri\.m2\repository\org\glassfish\jaxb\jaxb-runtime\4.0.2\jaxb-runtime-4.0.2.jar;C:\Users\andri\.m2\repository\org\glassfish\jaxb\jaxb-core\4.0.2\jaxb-core-4.0.2.jar;C:\Users\andri\.m2\repository\org\eclipse\angus\angus-activation\2.0.0\angus-activation-2.0.0.jar;C:\Users\andri\.m2\repository\org\glassfish\jaxb\txw2\4.0.2\txw2-4.0.2.jar;C:\Users\andri\.m2\repository\com\sun\istack\istack-commons-runtime\4.1.1\istack-commons-runtime-4.1.1.jar;C:\Users\andri\.m2\repository\jakarta\inject\jakarta.inject-api\2.0.1\jakarta.inject-api-2.0.1.jar;C:\Users\andri\.m2\repository\org\antlr\antlr4-runtime\4.10.1\antlr4-runtime-4.10.1.jar;C:\Users\andri\.m2\repository\org\springframework\data\spring-data-jpa\3.1.0\spring-data-jpa-3.1.0.jar;C:\Users\andri\.m2\repository\org\springframework\data\spring-data-commons\3.1.0\spring-data-commons-3.1.0.jar;C:\Users\andri\.m2\repository\org\springframework\spring-orm\6.0.9\spring-orm-6.0.9.jar;C:\Users\andri\.m2\repository\org\springframework\spring-tx\6.0.9\spring-tx-6.0.9.jar;C:\Users\andri\.m2\repository\org\slf4j\slf4j-api\2.0.7\slf4j-api-2.0.7.jar;C:\Users\andri\.m2\repository\org\springframework\spring-aspects\6.0.9\spring-aspects-6.0.9.jar;C:\Users\andri\.m2\repository\org\postgresql\postgresql\42.6.0\postgresql-42.6.0.jar;C:\Users\andri\.m2\repository\org\checkerframework\checker-qual\3.31.0\checker-qual-3.31.0.jar;C:\Users\andri\.m2\repository\org\projectlombok\lombok\1.18.26\lombok-1.18.26.jar;C:\Users\andri\.m2\repository\org\modelmapper\modelmapper\3.0.0\modelmapper-3.0.0.jar;C:\Users\andri\.m2\repository\org\springframework\boot\spring-boot-starter-test\3.1.0\spring-boot-starter-test-3.1.0.jar;C:\Users\andri\.m2\repository\org\springframework\boot\spring-boot-test\3.1.0\spring-boot-test-3.1.0.jar;C:\Users\andri\.m2\repository\org\springframework\boot\spring-boot-test-autoconfigure\3.1.0\spring-boot-test-autoconfigure-3.1.0.jar;C:\Users\andri\.m2\repository\com\jayway\jsonpath\json-path\2.8.0\json-path-2.8.0.jar;C:\Users\andri\.m2\repository\jakarta\xml\bind\jakarta.xml.bind-api\4.0.0\jakarta.xml.bind-api-4.0.0.jar;C:\Users\andri\.m2\repository\jakarta\activation\jakarta.activation-api\2.1.2\jakarta.activation-api-2.1.2.jar;C:\Users\andri\.m2\repository\net\minidev\json-smart\2.4.10\json-smart-2.4.10.jar;C:\Users\andri\.m2\repository\net\minidev\accessors-smart\2.4.9\accessors-smart-2.4.9.jar;C:\Users\andri\.m2\repository\org\ow2\asm\asm\9.3\asm-9.3.jar;C:\Users\andri\.m2\repository\org\assertj\assertj-core\3.24.2\assertj-core-3.24.2.jar;C:\Users\andri\.m2\repository\org\hamcrest\hamcrest\2.2\hamcrest-2.2.jar;C:\Users\andri\.m2\repository\org\junit\jupiter\junit-jupiter\5.9.3\junit-jupiter-5.9.3.jar;C:\Users\andri\.m2\repository\org\junit\jupiter\junit-jupiter-api\5.9.3\junit-jupiter-api-5.9.3.jar;C:\Users\andri\.m2\repository\org\opentest4j\opentest4j\1.2.0\opentest4j-1.2.0.jar;C:\Users\andri\.m2\repository\org\junit\platform\junit-platform-commons\1.9.3\junit-platform-commons-1.9.3.jar;C:\Users\andri\.m2\repository\org\apiguardian\apiguardian-api\1.1.2\apiguardian-api-1.1.2.jar;C:\Users\andri\.m2\repository\org\junit\jupiter\junit-jupiter-params\5.9.3\junit-jupiter-params-5.9.3.jar;C:\Users\andri\.m2\repository\org\junit\jupiter\junit-jupiter-engine\5.9.3\junit-jupiter-engine-5.9.3.jar;C:\Users\andri\.m2\repository\org\junit\platform\junit-platform-engine\1.9.3\junit-platform-engine-1.9.3.jar;C:\Users\andri\.m2\repository\org\mockito\mockito-core\5.3.1\mockito-core-5.3.1.jar;C:\Users\andri\.m2\repository\net\bytebuddy\byte-buddy-agent\1.14.4\byte-buddy-agent-1.14.4.jar;C:\Users\andri\.m2\repository\org\objenesis\objenesis\3.3\objenesis-3.3.jar;C:\Users\andri\.m2\repository\org\mockito\mockito-junit-jupiter\5.3.1\mockito-junit-jupiter-5.3.1.jar;C:\Users\andri\.m2\repository\org\skyscreamer\jsonassert\1.5.1\jsonassert-1.5.1.jar;C:\Users\andri\.m2\repository\com\vaadin\external\google\android-json\0.0.20131108.vaadin1\android-json-0.0.20131108.vaadin1.jar;C:\Users\andri\.m2\repository\org\springframework\spring-core\6.0.9\spring-core-6.0.9.jar;C:\Users\andri\.m2\repository\org\springframework\spring-jcl\6.0.9\spring-jcl-6.0.9.jar;C:\Users\andri\.m2\repository\org\springframework\spring-test\6.0.9\spring-test-6.0.9.jar;C:\Users\andri\.m2\repository\org\xmlunit\xmlunit-core\2.9.1\xmlunit-core-2.9.1.jar;C:\Users\andri\.m2\repository\com\h2database\h2\2.1.214\h2-2.1.214.jar;"/>
    <property name="sun.cpu.endian" value="little"/>
    <property name="user.home" value="C:\Users\andri"/>
    <property name="user.language" value="de"/>
    <property name="java.specification.vendor" value="Oracle Corporation"/>
    <property name="java.version.date" value="2023-07-18"/>
    <property name="java.home" value="C:\Program Files\Java\jdk-20"/>
    <property name="file.separator" value="\"/>
    <property name="basedir" value="C:\Users\andri\Downloads\APi\spring-api"/>
    <property name="java.vm.compressedOopsMode" value="Zero based"/>
    <property name="line.separator" value="&#10;"/>
    <property name="java.vm.specification.vendor" value="Oracle Corporation"/>
    <property name="java.specification.name" value="Java Platform API Specification"/>
    <property name="FILE_LOG_CHARSET" value="UTF-8"/>
    <property name="java.awt.headless" value="true"/>
    <property name="surefire.real.class.path" value="C:\Users\andri\AppData\Local\Temp\surefire17302124462621029557\surefirebooter-20230907080702049_3.jar"/>
    <property name="user.script" value=""/>
    <property name="sun.management.compiler" value="HotSpot 64-Bit Tiered Compilers"/>
    <property name="java.runtime.version" value="20.0.2+9-78"/>
    <property name="user.name" value="andri"/>
    <property name="stdout.encoding" value="Cp1252"/>
    <property name="path.separator" value=";"/>
    <property name="os.version" value="10.0"/>
    <property name="java.runtime.name" value="Java(TM) SE Runtime Environment"/>
    <property name="file.encoding" value="UTF-8"/>
    <property name="java.vm.name" value="Java HotSpot(TM) 64-Bit Server VM"/>
    <property name="localRepository" value="C:\Users\andri\.m2\repository"/>
    <property name="java.vendor.url.bug" value="https://bugreport.java.com/bugreport/"/>
    <property name="java.io.tmpdir" value="C:\Users\andri\AppData\Local\Temp\"/>
    <property name="com.zaxxer.hikari.pool_number" value="15"/>
    <property name="java.version" value="20.0.2"/>
    <property name="user.dir" value="C:\Users\andri\Downloads\APi\spring-api"/>
    <property name="os.arch" value="amd64"/>
    <property name="java.vm.specification.name" value="Java Virtual Machine Specification"/>
    <property name="PID" value="32008"/>
    <property name="sun.os.patch.level" value=""/>
    <property name="CONSOLE_LOG_CHARSET" value="UTF-8"/>
    <property name="native.encoding" value="Cp1252"/>
    <property name="java.library.path" value="C:\Program Files\Java\jdk-20\bin;C:\WINDOWS\Sun\Java\bin;C:\WINDOWS\system32;C:\WINDOWS;C:\Program Files (x86)\Microsoft SDKs\Azure\CLI2\wbin;C:\Program Files\Eclipse Adoptium\jdk-17.0.8.7-hotspot\bin;C:\WINDOWS\system32;C:\WINDOWS;C:\WINDOWS\System32\Wbem;C:\WINDOWS\System32\WindowsPowerShell\v1.0\;C:\WINDOWS\System32\OpenSSH\;C:\ProgramData\chocolatey\bin;C:\Program Files\Microsoft VS Code\bin;C:\ProgramData\chocolatey\lib\maven\apache-maven-3.9.3\bin;C:\Program Files\Git\cmd;C:\Program Files\nodejs\;C:\ProgramData\nvm;C:\Program Files\nodejs;C:\Program Files\starship\bin\;C:\Program Files\Docker\Docker\resources\bin;C:\Users\andri\AppData\Local\Microsoft\WindowsApps;C:\tools\Cmder;C:\Users\andri\AppData\Roaming\npm;C:\Users\andri\AppData\Local\GitHubDesktop\bin;."/>
    <property name="java.vm.info" value="mixed mode, sharing"/>
    <property name="stderr.encoding" value="Cp1252"/>
    <property name="java.vendor" value="Oracle Corporation"/>
    <property name="java.vm.version" value="20.0.2+9-78"/>
    <property name="sun.io.unicode.encoding" value="UnicodeLittle"/>
    <property name="java.class.version" value="64.0"/>
  </properties>
  <testcase name="testThatFullUpdateUpdatesExistingAuthor" classname="com.devtiro.database.controllers.AuthorControllerIntegrationTests" time="0.833">
    <system-out><![CDATA[2023-09-07T08:07:14.073+02:00  INFO 32008 --- [           main] t.c.s.AnnotationConfigContextLoaderUtils : Could not detect default configuration classes for test class [com.devtiro.database.controllers.AuthorControllerIntegrationTests]: AuthorControllerIntegrationTests does not declare any static, non-private, non-final, nested classes annotated with @Configuration.
2023-09-07T08:07:14.138+02:00  INFO 32008 --- [           main] .b.t.c.SpringBootTestContextBootstrapper : Found @SpringBootConfiguration com.devtiro.database.BooksApiApplication for test class com.devtiro.database.controllers.AuthorControllerIntegrationTests
  ____              _                 _____ _____
 |  _ \            | |          /\   |  __ \_   _|
 | |_) | ___   ___ | | _____   /  \  | |__) || |
 |  _ < / _ \ / _ \| |/ / __| / /\ \ |  ___/ | |
 | |_) | (_) | (_) |   <\__ \/ ____ \| |    _| |_
 |____/ \___/ \___/|_|\_\___/_/    \_\_|   |_____|
==================================================

2023-09-07T08:07:14.254+02:00  INFO 32008 --- [           main] c.d.d.c.AuthorControllerIntegrationTests : Starting AuthorControllerIntegrationTests using Java 20.0.2 with PID 32008 (started by andri in C:\Users\andri\Downloads\APi\spring-api)
2023-09-07T08:07:14.255+02:00  INFO 32008 --- [           main] c.d.d.c.AuthorControllerIntegrationTests : No active profile set, falling back to 1 default profile: "default"
2023-09-07T08:07:14.620+02:00  INFO 32008 --- [           main] .s.d.r.c.RepositoryConfigurationDelegate : Bootstrapping Spring Data JPA repositories in DEFAULT mode.
2023-09-07T08:07:14.651+02:00  INFO 32008 --- [           main] .s.d.r.c.RepositoryConfigurationDelegate : Finished Spring Data repository scanning in 30 ms. Found 2 JPA repository interfaces.
2023-09-07T08:07:14.838+02:00  INFO 32008 --- [           main] com.zaxxer.hikari.HikariDataSource       : HikariPool-2 - Starting...
2023-09-07T08:07:14.842+02:00  INFO 32008 --- [           main] com.zaxxer.hikari.pool.HikariPool        : HikariPool-2 - Added connection conn10: url=jdbc:h2:mem:testdb user=SA
2023-09-07T08:07:14.842+02:00  INFO 32008 --- [           main] com.zaxxer.hikari.HikariDataSource       : HikariPool-2 - Start completed.
2023-09-07T08:07:14.842+02:00  INFO 32008 --- [           main] o.hibernate.jpa.internal.util.LogHelper  : HHH000204: Processing PersistenceUnitInfo [name: default]
2023-09-07T08:07:14.855+02:00  INFO 32008 --- [           main] o.h.b.i.BytecodeProviderInitiator        : HHH000021: Bytecode provider name : bytebuddy
2023-09-07T08:07:14.855+02:00  INFO 32008 --- [           main] o.s.o.j.p.SpringPersistenceUnitInfo      : No LoadTimeWeaver setup: ignoring JPA class transformer
2023-09-07T08:07:14.855+02:00  INFO 32008 --- [           main] org.hibernate.orm.dialect                : HHH035001: Using dialect: org.hibernate.dialect.H2Dialect, version: 2.1.214
2023-09-07T08:07:14.887+02:00  INFO 32008 --- [           main] o.h.b.i.BytecodeProviderInitiator        : HHH000021: Bytecode provider name : bytebuddy
2023-09-07T08:07:14.950+02:00  INFO 32008 --- [           main] o.h.e.t.j.p.i.JtaPlatformInitiator       : HHH000490: Using JtaPlatform implementation: [org.hibernate.engine.transaction.jta.platform.internal.NoJtaPlatform]
2023-09-07T08:07:14.963+02:00  INFO 32008 --- [           main] o.h.t.s.i.e.GenerationTargetToDatabase   : HHH000476: Executing script '[injected ScriptSourceInputNonExistentImpl script]'
2023-09-07T08:07:14.963+02:00  INFO 32008 --- [           main] j.LocalContainerEntityManagerFactoryBean : Initialized JPA EntityManagerFactory for persistence unit 'default'
2023-09-07T08:07:15.116+02:00  WARN 32008 --- [           main] JpaBaseConfiguration$JpaWebConfiguration : spring.jpa.open-in-view is enabled by default. Therefore, database queries may be performed during view rendering. Explicitly configure spring.jpa.open-in-view to disable this warning
2023-09-07T08:07:15.357+02:00  INFO 32008 --- [           main] o.s.b.t.m.w.SpringBootMockServletContext : Initializing Spring TestDispatcherServlet ''
2023-09-07T08:07:15.357+02:00  INFO 32008 --- [           main] o.s.t.web.servlet.TestDispatcherServlet  : Initializing Servlet ''
2023-09-07T08:07:15.363+02:00  INFO 32008 --- [           main] o.s.t.web.servlet.TestDispatcherServlet  : Completed initialization in 0 ms
2023-09-07T08:07:15.383+02:00  INFO 32008 --- [           main] c.d.d.c.AuthorControllerIntegrationTests : Started AuthorControllerIntegrationTests in 1.235 seconds (process running for 13.025)
2023-09-07T08:07:16.210+02:00  INFO 32008 --- [           main] j.LocalContainerEntityManagerFactoryBean : Closing JPA EntityManagerFactory for persistence unit 'default'
2023-09-07T08:07:16.213+02:00  INFO 32008 --- [           main] .SchemaDropperImpl$DelayedDropActionImpl : HHH000477: Starting delayed evictData of schema as part of SessionFactory shut-down'
2023-09-07T08:07:16.222+02:00  INFO 32008 --- [           main] com.zaxxer.hikari.HikariDataSource       : HikariPool-2 - Shutdown initiated...
2023-09-07T08:07:16.224+02:00  INFO 32008 --- [           main] com.zaxxer.hikari.HikariDataSource       : HikariPool-2 - Shutdown completed.
]]></system-out>
  </testcase>
  <testcase name="testThatPartialUpdateExistingAuthorReturnsUpdatedAuthor" classname="com.devtiro.database.controllers.AuthorControllerIntegrationTests" time="0.047">
    <system-out><![CDATA[  ____              _                 _____ _____
 |  _ \            | |          /\   |  __ \_   _|
 | |_) | ___   ___ | | _____   /  \  | |__) || |
 |  _ < / _ \ / _ \| |/ / __| / /\ \ |  ___/ | |
 | |_) | (_) | (_) |   <\__ \/ ____ \| |    _| |_
 |____/ \___/ \___/|_|\_\___/_/    \_\_|   |_____|
==================================================

2023-09-07T08:07:16.300+02:00  INFO 32008 --- [           main] c.d.d.c.AuthorControllerIntegrationTests : Starting AuthorControllerIntegrationTests using Java 20.0.2 with PID 32008 (started by andri in C:\Users\andri\Downloads\APi\spring-api)
2023-09-07T08:07:16.300+02:00  INFO 32008 --- [           main] c.d.d.c.AuthorControllerIntegrationTests : No active profile set, falling back to 1 default profile: "default"
2023-09-07T08:07:16.683+02:00  INFO 32008 --- [           main] .s.d.r.c.RepositoryConfigurationDelegate : Bootstrapping Spring Data JPA repositories in DEFAULT mode.
2023-09-07T08:07:16.717+02:00  INFO 32008 --- [           main] .s.d.r.c.RepositoryConfigurationDelegate : Finished Spring Data repository scanning in 34 ms. Found 2 JPA repository interfaces.
2023-09-07T08:07:16.885+02:00  INFO 32008 --- [           main] com.zaxxer.hikari.HikariDataSource       : HikariPool-3 - Starting...
2023-09-07T08:07:16.887+02:00  INFO 32008 --- [           main] com.zaxxer.hikari.pool.HikariPool        : HikariPool-3 - Added connection conn20: url=jdbc:h2:mem:testdb user=SA
2023-09-07T08:07:16.888+02:00  INFO 32008 --- [           main] com.zaxxer.hikari.HikariDataSource       : HikariPool-3 - Start completed.
2023-09-07T08:07:16.891+02:00  INFO 32008 --- [           main] o.hibernate.jpa.internal.util.LogHelper  : HHH000204: Processing PersistenceUnitInfo [name: default]
2023-09-07T08:07:16.907+02:00  INFO 32008 --- [           main] o.h.b.i.BytecodeProviderInitiator        : HHH000021: Bytecode provider name : bytebuddy
2023-09-07T08:07:16.907+02:00  INFO 32008 --- [           main] o.s.o.j.p.SpringPersistenceUnitInfo      : No LoadTimeWeaver setup: ignoring JPA class transformer
2023-09-07T08:07:16.910+02:00  INFO 32008 --- [           main] org.hibernate.orm.dialect                : HHH035001: Using dialect: org.hibernate.dialect.H2Dialect, version: 2.1.214
2023-09-07T08:07:16.933+02:00  INFO 32008 --- [           main] o.h.b.i.BytecodeProviderInitiator        : HHH000021: Bytecode provider name : bytebuddy
2023-09-07T08:07:17.016+02:00  INFO 32008 --- [           main] o.h.e.t.j.p.i.JtaPlatformInitiator       : HHH000490: Using JtaPlatform implementation: [org.hibernate.engine.transaction.jta.platform.internal.NoJtaPlatform]
2023-09-07T08:07:17.023+02:00  INFO 32008 --- [           main] o.h.t.s.i.e.GenerationTargetToDatabase   : HHH000476: Executing script '[injected ScriptSourceInputNonExistentImpl script]'
2023-09-07T08:07:17.023+02:00  INFO 32008 --- [           main] j.LocalContainerEntityManagerFactoryBean : Initialized JPA EntityManagerFactory for persistence unit 'default'
2023-09-07T08:07:17.147+02:00  WARN 32008 --- [           main] JpaBaseConfiguration$JpaWebConfiguration : spring.jpa.open-in-view is enabled by default. Therefore, database queries may be performed during view rendering. Explicitly configure spring.jpa.open-in-view to disable this warning
2023-09-07T08:07:17.279+02:00  INFO 32008 --- [           main] o.s.b.t.m.w.SpringBootMockServletContext : Initializing Spring TestDispatcherServlet ''
2023-09-07T08:07:17.279+02:00  INFO 32008 --- [           main] o.s.t.web.servlet.TestDispatcherServlet  : Initializing Servlet ''
2023-09-07T08:07:17.280+02:00  INFO 32008 --- [           main] o.s.t.web.servlet.TestDispatcherServlet  : Completed initialization in 1 ms
2023-09-07T08:07:17.290+02:00  INFO 32008 --- [           main] c.d.d.c.AuthorControllerIntegrationTests : Started AuthorControllerIntegrationTests in 1.055 seconds (process running for 14.932)
2023-09-07T08:07:17.337+02:00  INFO 32008 --- [           main] j.LocalContainerEntityManagerFactoryBean : Closing JPA EntityManagerFactory for persistence unit 'default'
2023-09-07T08:07:17.338+02:00  INFO 32008 --- [           main] .SchemaDropperImpl$DelayedDropActionImpl : HHH000477: Starting delayed evictData of schema as part of SessionFactory shut-down'
2023-09-07T08:07:17.341+02:00  INFO 32008 --- [           main] com.zaxxer.hikari.HikariDataSource       : HikariPool-3 - Shutdown initiated...
2023-09-07T08:07:17.342+02:00  INFO 32008 --- [           main] com.zaxxer.hikari.HikariDataSource       : HikariPool-3 - Shutdown completed.
]]></system-out>
  </testcase>
  <testcase name="testThatCreateAuthorSuccessfullyReturnsHttp201Created" classname="com.devtiro.database.controllers.AuthorControllerIntegrationTests" time="0.04">
    <system-out><![CDATA[  ____              _                 _____ _____
 |  _ \            | |          /\   |  __ \_   _|
 | |_) | ___   ___ | | _____   /  \  | |__) || |
 |  _ < / _ \ / _ \| |/ / __| / /\ \ |  ___/ | |
 | |_) | (_) | (_) |   <\__ \/ ____ \| |    _| |_
 |____/ \___/ \___/|_|\_\___/_/    \_\_|   |_____|
==================================================

2023-09-07T08:07:17.383+02:00  INFO 32008 --- [           main] c.d.d.c.AuthorControllerIntegrationTests : Starting AuthorControllerIntegrationTests using Java 20.0.2 with PID 32008 (started by andri in C:\Users\andri\Downloads\APi\spring-api)
2023-09-07T08:07:17.383+02:00  INFO 32008 --- [           main] c.d.d.c.AuthorControllerIntegrationTests : No active profile set, falling back to 1 default profile: "default"
2023-09-07T08:07:17.625+02:00  INFO 32008 --- [           main] .s.d.r.c.RepositoryConfigurationDelegate : Bootstrapping Spring Data JPA repositories in DEFAULT mode.
2023-09-07T08:07:17.648+02:00  INFO 32008 --- [           main] .s.d.r.c.RepositoryConfigurationDelegate : Finished Spring Data repository scanning in 23 ms. Found 2 JPA repository interfaces.
2023-09-07T08:07:17.752+02:00  INFO 32008 --- [           main] com.zaxxer.hikari.HikariDataSource       : HikariPool-4 - Starting...
2023-09-07T08:07:17.754+02:00  INFO 32008 --- [           main] com.zaxxer.hikari.pool.HikariPool        : HikariPool-4 - Added connection conn30: url=jdbc:h2:mem:testdb user=SA
2023-09-07T08:07:17.754+02:00  INFO 32008 --- [           main] com.zaxxer.hikari.HikariDataSource       : HikariPool-4 - Start completed.
2023-09-07T08:07:17.757+02:00  INFO 32008 --- [           main] o.hibernate.jpa.internal.util.LogHelper  : HHH000204: Processing PersistenceUnitInfo [name: default]
2023-09-07T08:07:17.767+02:00  INFO 32008 --- [           main] o.h.b.i.BytecodeProviderInitiator        : HHH000021: Bytecode provider name : bytebuddy
2023-09-07T08:07:17.768+02:00  INFO 32008 --- [           main] o.s.o.j.p.SpringPersistenceUnitInfo      : No LoadTimeWeaver setup: ignoring JPA class transformer
2023-09-07T08:07:17.771+02:00  INFO 32008 --- [           main] org.hibernate.orm.dialect                : HHH035001: Using dialect: org.hibernate.dialect.H2Dialect, version: 2.1.214
2023-09-07T08:07:17.783+02:00  INFO 32008 --- [           main] o.h.b.i.BytecodeProviderInitiator        : HHH000021: Bytecode provider name : bytebuddy
2023-09-07T08:07:17.843+02:00  INFO 32008 --- [           main] o.h.e.t.j.p.i.JtaPlatformInitiator       : HHH000490: Using JtaPlatform implementation: [org.hibernate.engine.transaction.jta.platform.internal.NoJtaPlatform]
2023-09-07T08:07:17.851+02:00  INFO 32008 --- [           main] o.h.t.s.i.e.GenerationTargetToDatabase   : HHH000476: Executing script '[injected ScriptSourceInputNonExistentImpl script]'
2023-09-07T08:07:17.851+02:00  INFO 32008 --- [           main] j.LocalContainerEntityManagerFactoryBean : Initialized JPA EntityManagerFactory for persistence unit 'default'
2023-09-07T08:07:17.946+02:00  WARN 32008 --- [           main] JpaBaseConfiguration$JpaWebConfiguration : spring.jpa.open-in-view is enabled by default. Therefore, database queries may be performed during view rendering. Explicitly configure spring.jpa.open-in-view to disable this warning
2023-09-07T08:07:18.073+02:00  INFO 32008 --- [           main] o.s.b.t.m.w.SpringBootMockServletContext : Initializing Spring TestDispatcherServlet ''
2023-09-07T08:07:18.074+02:00  INFO 32008 --- [           main] o.s.t.web.servlet.TestDispatcherServlet  : Initializing Servlet ''
2023-09-07T08:07:18.075+02:00  INFO 32008 --- [           main] o.s.t.web.servlet.TestDispatcherServlet  : Completed initialization in 1 ms
2023-09-07T08:07:18.086+02:00  INFO 32008 --- [           main] c.d.d.c.AuthorControllerIntegrationTests : Started AuthorControllerIntegrationTests in 0.738 seconds (process running for 15.727)
2023-09-07T08:07:18.124+02:00  INFO 32008 --- [           main] j.LocalContainerEntityManagerFactoryBean : Closing JPA EntityManagerFactory for persistence unit 'default'
2023-09-07T08:07:18.125+02:00  INFO 32008 --- [           main] .SchemaDropperImpl$DelayedDropActionImpl : HHH000477: Starting delayed evictData of schema as part of SessionFactory shut-down'
2023-09-07T08:07:18.127+02:00  INFO 32008 --- [           main] com.zaxxer.hikari.HikariDataSource       : HikariPool-4 - Shutdown initiated...
2023-09-07T08:07:18.129+02:00  INFO 32008 --- [           main] com.zaxxer.hikari.HikariDataSource       : HikariPool-4 - Shutdown completed.
]]></system-out>
  </testcase>
  <testcase name="testThatFullUpdateAuthorReturnsHttpStatus404WhenNoAuthorExists" classname="com.devtiro.database.controllers.AuthorControllerIntegrationTests" time="0.037">
    <system-out><![CDATA[  ____              _                 _____ _____
 |  _ \            | |          /\   |  __ \_   _|
 | |_) | ___   ___ | | _____   /  \  | |__) || |
 |  _ < / _ \ / _ \| |/ / __| / /\ \ |  ___/ | |
 | |_) | (_) | (_) |   <\__ \/ ____ \| |    _| |_
 |____/ \___/ \___/|_|\_\___/_/    \_\_|   |_____|
==================================================

2023-09-07T08:07:18.180+02:00  INFO 32008 --- [           main] c.d.d.c.AuthorControllerIntegrationTests : Starting AuthorControllerIntegrationTests using Java 20.0.2 with PID 32008 (started by andri in C:\Users\andri\Downloads\APi\spring-api)
2023-09-07T08:07:18.180+02:00  INFO 32008 --- [           main] c.d.d.c.AuthorControllerIntegrationTests : No active profile set, falling back to 1 default profile: "default"
2023-09-07T08:07:18.422+02:00  INFO 32008 --- [           main] .s.d.r.c.RepositoryConfigurationDelegate : Bootstrapping Spring Data JPA repositories in DEFAULT mode.
2023-09-07T08:07:18.448+02:00  INFO 32008 --- [           main] .s.d.r.c.RepositoryConfigurationDelegate : Finished Spring Data repository scanning in 24 ms. Found 2 JPA repository interfaces.
2023-09-07T08:07:18.550+02:00  INFO 32008 --- [           main] com.zaxxer.hikari.HikariDataSource       : HikariPool-5 - Starting...
2023-09-07T08:07:18.554+02:00  INFO 32008 --- [           main] com.zaxxer.hikari.pool.HikariPool        : HikariPool-5 - Added connection conn40: url=jdbc:h2:mem:testdb user=SA
2023-09-07T08:07:18.554+02:00  INFO 32008 --- [           main] com.zaxxer.hikari.HikariDataSource       : HikariPool-5 - Start completed.
2023-09-07T08:07:18.556+02:00  INFO 32008 --- [           main] o.hibernate.jpa.internal.util.LogHelper  : HHH000204: Processing PersistenceUnitInfo [name: default]
2023-09-07T08:07:18.569+02:00  INFO 32008 --- [           main] o.h.b.i.BytecodeProviderInitiator        : HHH000021: Bytecode provider name : bytebuddy
2023-09-07T08:07:18.569+02:00  INFO 32008 --- [           main] o.s.o.j.p.SpringPersistenceUnitInfo      : No LoadTimeWeaver setup: ignoring JPA class transformer
2023-09-07T08:07:18.572+02:00  INFO 32008 --- [           main] org.hibernate.orm.dialect                : HHH035001: Using dialect: org.hibernate.dialect.H2Dialect, version: 2.1.214
2023-09-07T08:07:18.588+02:00  INFO 32008 --- [           main] o.h.b.i.BytecodeProviderInitiator        : HHH000021: Bytecode provider name : bytebuddy
2023-09-07T08:07:18.633+02:00  INFO 32008 --- [           main] o.h.e.t.j.p.i.JtaPlatformInitiator       : HHH000490: Using JtaPlatform implementation: [org.hibernate.engine.transaction.jta.platform.internal.NoJtaPlatform]
2023-09-07T08:07:18.636+02:00  INFO 32008 --- [           main] o.h.t.s.i.e.GenerationTargetToDatabase   : HHH000476: Executing script '[injected ScriptSourceInputNonExistentImpl script]'
2023-09-07T08:07:18.636+02:00  INFO 32008 --- [           main] j.LocalContainerEntityManagerFactoryBean : Initialized JPA EntityManagerFactory for persistence unit 'default'
2023-09-07T08:07:18.761+02:00  WARN 32008 --- [           main] JpaBaseConfiguration$JpaWebConfiguration : spring.jpa.open-in-view is enabled by default. Therefore, database queries may be performed during view rendering. Explicitly configure spring.jpa.open-in-view to disable this warning
2023-09-07T08:07:18.864+02:00  INFO 32008 --- [           main] o.s.b.t.m.w.SpringBootMockServletContext : Initializing Spring TestDispatcherServlet ''
2023-09-07T08:07:18.865+02:00  INFO 32008 --- [           main] o.s.t.web.servlet.TestDispatcherServlet  : Initializing Servlet ''
2023-09-07T08:07:18.865+02:00  INFO 32008 --- [           main] o.s.t.web.servlet.TestDispatcherServlet  : Completed initialization in 0 ms
2023-09-07T08:07:18.872+02:00  INFO 32008 --- [           main] c.d.d.c.AuthorControllerIntegrationTests : Started AuthorControllerIntegrationTests in 0.74 seconds (process running for 16.516)
2023-09-07T08:07:18.908+02:00  INFO 32008 --- [           main] j.LocalContainerEntityManagerFactoryBean : Closing JPA EntityManagerFactory for persistence unit 'default'
2023-09-07T08:07:18.908+02:00  INFO 32008 --- [           main] .SchemaDropperImpl$DelayedDropActionImpl : HHH000477: Starting delayed evictData of schema as part of SessionFactory shut-down'
2023-09-07T08:07:18.911+02:00  INFO 32008 --- [           main] com.zaxxer.hikari.HikariDataSource       : HikariPool-5 - Shutdown initiated...
2023-09-07T08:07:18.914+02:00  INFO 32008 --- [           main] com.zaxxer.hikari.HikariDataSource       : HikariPool-5 - Shutdown completed.
]]></system-out>
  </testcase>
  <testcase name="testThatGetAuthorReturnsHttpStatus404WhenNoAuthorExists" classname="com.devtiro.database.controllers.AuthorControllerIntegrationTests" time="0.032">
    <system-out><![CDATA[  ____              _                 _____ _____
 |  _ \            | |          /\   |  __ \_   _|
 | |_) | ___   ___ | | _____   /  \  | |__) || |
 |  _ < / _ \ / _ \| |/ / __| / /\ \ |  ___/ | |
 | |_) | (_) | (_) |   <\__ \/ ____ \| |    _| |_
 |____/ \___/ \___/|_|\_\___/_/    \_\_|   |_____|
==================================================

2023-09-07T08:07:18.956+02:00  INFO 32008 --- [           main] c.d.d.c.AuthorControllerIntegrationTests : Starting AuthorControllerIntegrationTests using Java 20.0.2 with PID 32008 (started by andri in C:\Users\andri\Downloads\APi\spring-api)
2023-09-07T08:07:18.957+02:00  INFO 32008 --- [           main] c.d.d.c.AuthorControllerIntegrationTests : No active profile set, falling back to 1 default profile: "default"
2023-09-07T08:07:19.174+02:00  INFO 32008 --- [           main] .s.d.r.c.RepositoryConfigurationDelegate : Bootstrapping Spring Data JPA repositories in DEFAULT mode.
2023-09-07T08:07:19.195+02:00  INFO 32008 --- [           main] .s.d.r.c.RepositoryConfigurationDelegate : Finished Spring Data repository scanning in 20 ms. Found 2 JPA repository interfaces.
2023-09-07T08:07:19.289+02:00  INFO 32008 --- [           main] com.zaxxer.hikari.HikariDataSource       : HikariPool-6 - Starting...
2023-09-07T08:07:19.291+02:00  INFO 32008 --- [           main] com.zaxxer.hikari.pool.HikariPool        : HikariPool-6 - Added connection conn50: url=jdbc:h2:mem:testdb user=SA
2023-09-07T08:07:19.292+02:00  INFO 32008 --- [           main] com.zaxxer.hikari.HikariDataSource       : HikariPool-6 - Start completed.
2023-09-07T08:07:19.293+02:00  INFO 32008 --- [           main] o.hibernate.jpa.internal.util.LogHelper  : HHH000204: Processing PersistenceUnitInfo [name: default]
2023-09-07T08:07:19.303+02:00  INFO 32008 --- [           main] o.h.b.i.BytecodeProviderInitiator        : HHH000021: Bytecode provider name : bytebuddy
2023-09-07T08:07:19.308+02:00  INFO 32008 --- [           main] o.s.o.j.p.SpringPersistenceUnitInfo      : No LoadTimeWeaver setup: ignoring JPA class transformer
2023-09-07T08:07:19.309+02:00  INFO 32008 --- [           main] org.hibernate.orm.dialect                : HHH035001: Using dialect: org.hibernate.dialect.H2Dialect, version: 2.1.214
2023-09-07T08:07:19.328+02:00  INFO 32008 --- [           main] o.h.b.i.BytecodeProviderInitiator        : HHH000021: Bytecode provider name : bytebuddy
2023-09-07T08:07:19.379+02:00  INFO 32008 --- [           main] o.h.e.t.j.p.i.JtaPlatformInitiator       : HHH000490: Using JtaPlatform implementation: [org.hibernate.engine.transaction.jta.platform.internal.NoJtaPlatform]
2023-09-07T08:07:19.386+02:00  INFO 32008 --- [           main] o.h.t.s.i.e.GenerationTargetToDatabase   : HHH000476: Executing script '[injected ScriptSourceInputNonExistentImpl script]'
2023-09-07T08:07:19.387+02:00  INFO 32008 --- [           main] j.LocalContainerEntityManagerFactoryBean : Initialized JPA EntityManagerFactory for persistence unit 'default'
2023-09-07T08:07:19.465+02:00  WARN 32008 --- [           main] JpaBaseConfiguration$JpaWebConfiguration : spring.jpa.open-in-view is enabled by default. Therefore, database queries may be performed during view rendering. Explicitly configure spring.jpa.open-in-view to disable this warning
2023-09-07T08:07:19.601+02:00  INFO 32008 --- [           main] o.s.b.t.m.w.SpringBootMockServletContext : Initializing Spring TestDispatcherServlet ''
2023-09-07T08:07:19.602+02:00  INFO 32008 --- [           main] o.s.t.web.servlet.TestDispatcherServlet  : Initializing Servlet ''
2023-09-07T08:07:19.603+02:00  INFO 32008 --- [           main] o.s.t.web.servlet.TestDispatcherServlet  : Completed initialization in 1 ms
2023-09-07T08:07:19.618+02:00  INFO 32008 --- [           main] c.d.d.c.AuthorControllerIntegrationTests : Started AuthorControllerIntegrationTests in 0.7 seconds (process running for 17.26)
2023-09-07T08:07:19.646+02:00  INFO 32008 --- [           main] j.LocalContainerEntityManagerFactoryBean : Closing JPA EntityManagerFactory for persistence unit 'default'
2023-09-07T08:07:19.646+02:00  INFO 32008 --- [           main] .SchemaDropperImpl$DelayedDropActionImpl : HHH000477: Starting delayed evictData of schema as part of SessionFactory shut-down'
2023-09-07T08:07:19.651+02:00  INFO 32008 --- [           main] com.zaxxer.hikari.HikariDataSource       : HikariPool-6 - Shutdown initiated...
2023-09-07T08:07:19.653+02:00  INFO 32008 --- [           main] com.zaxxer.hikari.HikariDataSource       : HikariPool-6 - Shutdown completed.
]]></system-out>
  </testcase>
  <testcase name="testThatDeleteAuthorReturnsHttpStatus204ForNonExistingAuthor" classname="com.devtiro.database.controllers.AuthorControllerIntegrationTests" time="0.026">
    <system-out><![CDATA[  ____              _                 _____ _____
 |  _ \            | |          /\   |  __ \_   _|
 | |_) | ___   ___ | | _____   /  \  | |__) || |
 |  _ < / _ \ / _ \| |/ / __| / /\ \ |  ___/ | |
 | |_) | (_) | (_) |   <\__ \/ ____ \| |    _| |_
 |____/ \___/ \___/|_|\_\___/_/    \_\_|   |_____|
==================================================

2023-09-07T08:07:19.728+02:00  INFO 32008 --- [           main] c.d.d.c.AuthorControllerIntegrationTests : Starting AuthorControllerIntegrationTests using Java 20.0.2 with PID 32008 (started by andri in C:\Users\andri\Downloads\APi\spring-api)
2023-09-07T08:07:19.728+02:00  INFO 32008 --- [           main] c.d.d.c.AuthorControllerIntegrationTests : No active profile set, falling back to 1 default profile: "default"
2023-09-07T08:07:19.933+02:00  INFO 32008 --- [           main] .s.d.r.c.RepositoryConfigurationDelegate : Bootstrapping Spring Data JPA repositories in DEFAULT mode.
2023-09-07T08:07:19.952+02:00  INFO 32008 --- [           main] .s.d.r.c.RepositoryConfigurationDelegate : Finished Spring Data repository scanning in 19 ms. Found 2 JPA repository interfaces.
2023-09-07T08:07:20.046+02:00  INFO 32008 --- [           main] com.zaxxer.hikari.HikariDataSource       : HikariPool-7 - Starting...
2023-09-07T08:07:20.048+02:00  INFO 32008 --- [           main] com.zaxxer.hikari.pool.HikariPool        : HikariPool-7 - Added connection conn60: url=jdbc:h2:mem:testdb user=SA
2023-09-07T08:07:20.048+02:00  INFO 32008 --- [           main] com.zaxxer.hikari.HikariDataSource       : HikariPool-7 - Start completed.
2023-09-07T08:07:20.050+02:00  INFO 32008 --- [           main] o.hibernate.jpa.internal.util.LogHelper  : HHH000204: Processing PersistenceUnitInfo [name: default]
2023-09-07T08:07:20.060+02:00  INFO 32008 --- [           main] o.h.b.i.BytecodeProviderInitiator        : HHH000021: Bytecode provider name : bytebuddy
2023-09-07T08:07:20.060+02:00  INFO 32008 --- [           main] o.s.o.j.p.SpringPersistenceUnitInfo      : No LoadTimeWeaver setup: ignoring JPA class transformer
2023-09-07T08:07:20.062+02:00  INFO 32008 --- [           main] org.hibernate.orm.dialect                : HHH035001: Using dialect: org.hibernate.dialect.H2Dialect, version: 2.1.214
2023-09-07T08:07:20.080+02:00  INFO 32008 --- [           main] o.h.b.i.BytecodeProviderInitiator        : HHH000021: Bytecode provider name : bytebuddy
2023-09-07T08:07:20.129+02:00  INFO 32008 --- [           main] o.h.e.t.j.p.i.JtaPlatformInitiator       : HHH000490: Using JtaPlatform implementation: [org.hibernate.engine.transaction.jta.platform.internal.NoJtaPlatform]
2023-09-07T08:07:20.136+02:00  INFO 32008 --- [           main] o.h.t.s.i.e.GenerationTargetToDatabase   : HHH000476: Executing script '[injected ScriptSourceInputNonExistentImpl script]'
2023-09-07T08:07:20.137+02:00  INFO 32008 --- [           main] j.LocalContainerEntityManagerFactoryBean : Initialized JPA EntityManagerFactory for persistence unit 'default'
2023-09-07T08:07:20.229+02:00  WARN 32008 --- [           main] JpaBaseConfiguration$JpaWebConfiguration : spring.jpa.open-in-view is enabled by default. Therefore, database queries may be performed during view rendering. Explicitly configure spring.jpa.open-in-view to disable this warning
2023-09-07T08:07:20.349+02:00  INFO 32008 --- [           main] o.s.b.t.m.w.SpringBootMockServletContext : Initializing Spring TestDispatcherServlet ''
2023-09-07T08:07:20.350+02:00  INFO 32008 --- [           main] o.s.t.web.servlet.TestDispatcherServlet  : Initializing Servlet ''
2023-09-07T08:07:20.351+02:00  INFO 32008 --- [           main] o.s.t.web.servlet.TestDispatcherServlet  : Completed initialization in 1 ms
2023-09-07T08:07:20.361+02:00  INFO 32008 --- [           main] c.d.d.c.AuthorControllerIntegrationTests : Started AuthorControllerIntegrationTests in 0.703 seconds (process running for 18.003)
2023-09-07T08:07:20.382+02:00  INFO 32008 --- [           main] j.LocalContainerEntityManagerFactoryBean : Closing JPA EntityManagerFactory for persistence unit 'default'
2023-09-07T08:07:20.382+02:00  INFO 32008 --- [           main] .SchemaDropperImpl$DelayedDropActionImpl : HHH000477: Starting delayed evictData of schema as part of SessionFactory shut-down'
2023-09-07T08:07:20.387+02:00  INFO 32008 --- [           main] com.zaxxer.hikari.HikariDataSource       : HikariPool-7 - Shutdown initiated...
2023-09-07T08:07:20.389+02:00  INFO 32008 --- [           main] com.zaxxer.hikari.HikariDataSource       : HikariPool-7 - Shutdown completed.
]]></system-out>
  </testcase>
  <testcase name="testThatListAuthorsReturnsHttpStatus200" classname="com.devtiro.database.controllers.AuthorControllerIntegrationTests" time="0.039">
    <system-out><![CDATA[  ____              _                 _____ _____
 |  _ \            | |          /\   |  __ \_   _|
 | |_) | ___   ___ | | _____   /  \  | |__) || |
 |  _ < / _ \ / _ \| |/ / __| / /\ \ |  ___/ | |
 | |_) | (_) | (_) |   <\__ \/ ____ \| |    _| |_
 |____/ \___/ \___/|_|\_\___/_/    \_\_|   |_____|
==================================================

2023-09-07T08:07:20.431+02:00  INFO 32008 --- [           main] c.d.d.c.AuthorControllerIntegrationTests : Starting AuthorControllerIntegrationTests using Java 20.0.2 with PID 32008 (started by andri in C:\Users\andri\Downloads\APi\spring-api)
2023-09-07T08:07:20.431+02:00  INFO 32008 --- [           main] c.d.d.c.AuthorControllerIntegrationTests : No active profile set, falling back to 1 default profile: "default"
2023-09-07T08:07:20.659+02:00  INFO 32008 --- [           main] .s.d.r.c.RepositoryConfigurationDelegate : Bootstrapping Spring Data JPA repositories in DEFAULT mode.
2023-09-07T08:07:20.684+02:00  INFO 32008 --- [           main] .s.d.r.c.RepositoryConfigurationDelegate : Finished Spring Data repository scanning in 23 ms. Found 2 JPA repository interfaces.
2023-09-07T08:07:20.762+02:00  INFO 32008 --- [           main] com.zaxxer.hikari.HikariDataSource       : HikariPool-8 - Starting...
2023-09-07T08:07:20.764+02:00  INFO 32008 --- [           main] com.zaxxer.hikari.pool.HikariPool        : HikariPool-8 - Added connection conn70: url=jdbc:h2:mem:testdb user=SA
2023-09-07T08:07:20.765+02:00  INFO 32008 --- [           main] com.zaxxer.hikari.HikariDataSource       : HikariPool-8 - Start completed.
2023-09-07T08:07:20.767+02:00  INFO 32008 --- [           main] o.hibernate.jpa.internal.util.LogHelper  : HHH000204: Processing PersistenceUnitInfo [name: default]
2023-09-07T08:07:20.777+02:00  INFO 32008 --- [           main] o.h.b.i.BytecodeProviderInitiator        : HHH000021: Bytecode provider name : bytebuddy
2023-09-07T08:07:20.779+02:00  INFO 32008 --- [           main] o.s.o.j.p.SpringPersistenceUnitInfo      : No LoadTimeWeaver setup: ignoring JPA class transformer
2023-09-07T08:07:20.780+02:00  INFO 32008 --- [           main] org.hibernate.orm.dialect                : HHH035001: Using dialect: org.hibernate.dialect.H2Dialect, version: 2.1.214
2023-09-07T08:07:20.792+02:00  INFO 32008 --- [           main] o.h.b.i.BytecodeProviderInitiator        : HHH000021: Bytecode provider name : bytebuddy
2023-09-07T08:07:20.838+02:00  INFO 32008 --- [           main] o.h.e.t.j.p.i.JtaPlatformInitiator       : HHH000490: Using JtaPlatform implementation: [org.hibernate.engine.transaction.jta.platform.internal.NoJtaPlatform]
2023-09-07T08:07:20.850+02:00  INFO 32008 --- [           main] o.h.t.s.i.e.GenerationTargetToDatabase   : HHH000476: Executing script '[injected ScriptSourceInputNonExistentImpl script]'
2023-09-07T08:07:20.850+02:00  INFO 32008 --- [           main] j.LocalContainerEntityManagerFactoryBean : Initialized JPA EntityManagerFactory for persistence unit 'default'
2023-09-07T08:07:20.979+02:00  WARN 32008 --- [           main] JpaBaseConfiguration$JpaWebConfiguration : spring.jpa.open-in-view is enabled by default. Therefore, database queries may be performed during view rendering. Explicitly configure spring.jpa.open-in-view to disable this warning
2023-09-07T08:07:21.113+02:00  INFO 32008 --- [           main] o.s.b.t.m.w.SpringBootMockServletContext : Initializing Spring TestDispatcherServlet ''
2023-09-07T08:07:21.113+02:00  INFO 32008 --- [           main] o.s.t.web.servlet.TestDispatcherServlet  : Initializing Servlet ''
2023-09-07T08:07:21.114+02:00  INFO 32008 --- [           main] o.s.t.web.servlet.TestDispatcherServlet  : Completed initialization in 0 ms
2023-09-07T08:07:21.121+02:00  INFO 32008 --- [           main] c.d.d.c.AuthorControllerIntegrationTests : Started AuthorControllerIntegrationTests in 0.728 seconds (process running for 18.764)
2023-09-07T08:07:21.158+02:00  INFO 32008 --- [           main] j.LocalContainerEntityManagerFactoryBean : Closing JPA EntityManagerFactory for persistence unit 'default'
2023-09-07T08:07:21.160+02:00  INFO 32008 --- [           main] .SchemaDropperImpl$DelayedDropActionImpl : HHH000477: Starting delayed evictData of schema as part of SessionFactory shut-down'
2023-09-07T08:07:21.163+02:00  INFO 32008 --- [           main] com.zaxxer.hikari.HikariDataSource       : HikariPool-8 - Shutdown initiated...
2023-09-07T08:07:21.165+02:00  INFO 32008 --- [           main] com.zaxxer.hikari.HikariDataSource       : HikariPool-8 - Shutdown completed.
]]></system-out>
  </testcase>
  <testcase name="testThatListAuthorsReturnsListOfAuthors" classname="com.devtiro.database.controllers.AuthorControllerIntegrationTests" time="0.06">
    <system-out><![CDATA[  ____              _                 _____ _____
 |  _ \            | |          /\   |  __ \_   _|
 | |_) | ___   ___ | | _____   /  \  | |__) || |
 |  _ < / _ \ / _ \| |/ / __| / /\ \ |  ___/ | |
 | |_) | (_) | (_) |   <\__ \/ ____ \| |    _| |_
 |____/ \___/ \___/|_|\_\___/_/    \_\_|   |_____|
==================================================

2023-09-07T08:07:21.211+02:00  INFO 32008 --- [           main] c.d.d.c.AuthorControllerIntegrationTests : Starting AuthorControllerIntegrationTests using Java 20.0.2 with PID 32008 (started by andri in C:\Users\andri\Downloads\APi\spring-api)
2023-09-07T08:07:21.213+02:00  INFO 32008 --- [           main] c.d.d.c.AuthorControllerIntegrationTests : No active profile set, falling back to 1 default profile: "default"
2023-09-07T08:07:21.466+02:00  INFO 32008 --- [           main] .s.d.r.c.RepositoryConfigurationDelegate : Bootstrapping Spring Data JPA repositories in DEFAULT mode.
2023-09-07T08:07:21.492+02:00  INFO 32008 --- [           main] .s.d.r.c.RepositoryConfigurationDelegate : Finished Spring Data repository scanning in 24 ms. Found 2 JPA repository interfaces.
2023-09-07T08:07:21.603+02:00  INFO 32008 --- [           main] com.zaxxer.hikari.HikariDataSource       : HikariPool-9 - Starting...
2023-09-07T08:07:21.605+02:00  INFO 32008 --- [           main] com.zaxxer.hikari.pool.HikariPool        : HikariPool-9 - Added connection conn80: url=jdbc:h2:mem:testdb user=SA
2023-09-07T08:07:21.605+02:00  INFO 32008 --- [           main] com.zaxxer.hikari.HikariDataSource       : HikariPool-9 - Start completed.
2023-09-07T08:07:21.607+02:00  INFO 32008 --- [           main] o.hibernate.jpa.internal.util.LogHelper  : HHH000204: Processing PersistenceUnitInfo [name: default]
2023-09-07T08:07:21.620+02:00  INFO 32008 --- [           main] o.h.b.i.BytecodeProviderInitiator        : HHH000021: Bytecode provider name : bytebuddy
2023-09-07T08:07:21.621+02:00  INFO 32008 --- [           main] o.s.o.j.p.SpringPersistenceUnitInfo      : No LoadTimeWeaver setup: ignoring JPA class transformer
2023-09-07T08:07:21.625+02:00  INFO 32008 --- [           main] org.hibernate.orm.dialect                : HHH035001: Using dialect: org.hibernate.dialect.H2Dialect, version: 2.1.214
2023-09-07T08:07:21.645+02:00  INFO 32008 --- [           main] o.h.b.i.BytecodeProviderInitiator        : HHH000021: Bytecode provider name : bytebuddy
2023-09-07T08:07:21.691+02:00  INFO 32008 --- [           main] o.h.e.t.j.p.i.JtaPlatformInitiator       : HHH000490: Using JtaPlatform implementation: [org.hibernate.engine.transaction.jta.platform.internal.NoJtaPlatform]
2023-09-07T08:07:21.705+02:00  INFO 32008 --- [           main] o.h.t.s.i.e.GenerationTargetToDatabase   : HHH000476: Executing script '[injected ScriptSourceInputNonExistentImpl script]'
2023-09-07T08:07:21.705+02:00  INFO 32008 --- [           main] j.LocalContainerEntityManagerFactoryBean : Initialized JPA EntityManagerFactory for persistence unit 'default'
2023-09-07T08:07:21.849+02:00  WARN 32008 --- [           main] JpaBaseConfiguration$JpaWebConfiguration : spring.jpa.open-in-view is enabled by default. Therefore, database queries may be performed during view rendering. Explicitly configure spring.jpa.open-in-view to disable this warning
2023-09-07T08:07:21.963+02:00  INFO 32008 --- [           main] o.s.b.t.m.w.SpringBootMockServletContext : Initializing Spring TestDispatcherServlet ''
2023-09-07T08:07:21.963+02:00  INFO 32008 --- [           main] o.s.t.web.servlet.TestDispatcherServlet  : Initializing Servlet ''
2023-09-07T08:07:21.964+02:00  INFO 32008 --- [           main] o.s.t.web.servlet.TestDispatcherServlet  : Completed initialization in 1 ms
2023-09-07T08:07:21.971+02:00  INFO 32008 --- [           main] c.d.d.c.AuthorControllerIntegrationTests : Started AuthorControllerIntegrationTests in 0.802 seconds (process running for 19.613)
2023-09-07T08:07:22.023+02:00  INFO 32008 --- [           main] j.LocalContainerEntityManagerFactoryBean : Closing JPA EntityManagerFactory for persistence unit 'default'
2023-09-07T08:07:22.023+02:00  INFO 32008 --- [           main] .SchemaDropperImpl$DelayedDropActionImpl : HHH000477: Starting delayed evictData of schema as part of SessionFactory shut-down'
2023-09-07T08:07:22.026+02:00  INFO 32008 --- [           main] com.zaxxer.hikari.HikariDataSource       : HikariPool-9 - Shutdown initiated...
2023-09-07T08:07:22.035+02:00  INFO 32008 --- [           main] com.zaxxer.hikari.HikariDataSource       : HikariPool-9 - Shutdown completed.
]]></system-out>
  </testcase>
  <testcase name="testThatDeleteAuthorReturnsHttpStatus204ForExistingAuthor" classname="com.devtiro.database.controllers.AuthorControllerIntegrationTests" time="0.042">
    <system-out><![CDATA[  ____              _                 _____ _____
 |  _ \            | |          /\   |  __ \_   _|
 | |_) | ___   ___ | | _____   /  \  | |__) || |
 |  _ < / _ \ / _ \| |/ / __| / /\ \ |  ___/ | |
 | |_) | (_) | (_) |   <\__ \/ ____ \| |    _| |_
 |____/ \___/ \___/|_|\_\___/_/    \_\_|   |_____|
==================================================

2023-09-07T08:07:22.079+02:00  INFO 32008 --- [           main] c.d.d.c.AuthorControllerIntegrationTests : Starting AuthorControllerIntegrationTests using Java 20.0.2 with PID 32008 (started by andri in C:\Users\andri\Downloads\APi\spring-api)
2023-09-07T08:07:22.080+02:00  INFO 32008 --- [           main] c.d.d.c.AuthorControllerIntegrationTests : No active profile set, falling back to 1 default profile: "default"
2023-09-07T08:07:22.275+02:00  INFO 32008 --- [           main] .s.d.r.c.RepositoryConfigurationDelegate : Bootstrapping Spring Data JPA repositories in DEFAULT mode.
2023-09-07T08:07:22.301+02:00  INFO 32008 --- [           main] .s.d.r.c.RepositoryConfigurationDelegate : Finished Spring Data repository scanning in 24 ms. Found 2 JPA repository interfaces.
2023-09-07T08:07:22.382+02:00  INFO 32008 --- [           main] com.zaxxer.hikari.HikariDataSource       : HikariPool-10 - Starting...
2023-09-07T08:07:22.383+02:00  INFO 32008 --- [           main] com.zaxxer.hikari.pool.HikariPool        : HikariPool-10 - Added connection conn90: url=jdbc:h2:mem:testdb user=SA
2023-09-07T08:07:22.384+02:00  INFO 32008 --- [           main] com.zaxxer.hikari.HikariDataSource       : HikariPool-10 - Start completed.
2023-09-07T08:07:22.386+02:00  INFO 32008 --- [           main] o.hibernate.jpa.internal.util.LogHelper  : HHH000204: Processing PersistenceUnitInfo [name: default]
2023-09-07T08:07:22.398+02:00  INFO 32008 --- [           main] o.h.b.i.BytecodeProviderInitiator        : HHH000021: Bytecode provider name : bytebuddy
2023-09-07T08:07:22.398+02:00  INFO 32008 --- [           main] o.s.o.j.p.SpringPersistenceUnitInfo      : No LoadTimeWeaver setup: ignoring JPA class transformer
2023-09-07T08:07:22.398+02:00  INFO 32008 --- [           main] org.hibernate.orm.dialect                : HHH035001: Using dialect: org.hibernate.dialect.H2Dialect, version: 2.1.214
2023-09-07T08:07:22.413+02:00  INFO 32008 --- [           main] o.h.b.i.BytecodeProviderInitiator        : HHH000021: Bytecode provider name : bytebuddy
2023-09-07T08:07:22.458+02:00  INFO 32008 --- [           main] o.h.e.t.j.p.i.JtaPlatformInitiator       : HHH000490: Using JtaPlatform implementation: [org.hibernate.engine.transaction.jta.platform.internal.NoJtaPlatform]
2023-09-07T08:07:22.464+02:00  INFO 32008 --- [           main] o.h.t.s.i.e.GenerationTargetToDatabase   : HHH000476: Executing script '[injected ScriptSourceInputNonExistentImpl script]'
2023-09-07T08:07:22.464+02:00  INFO 32008 --- [           main] j.LocalContainerEntityManagerFactoryBean : Initialized JPA EntityManagerFactory for persistence unit 'default'
2023-09-07T08:07:22.541+02:00  WARN 32008 --- [           main] JpaBaseConfiguration$JpaWebConfiguration : spring.jpa.open-in-view is enabled by default. Therefore, database queries may be performed during view rendering. Explicitly configure spring.jpa.open-in-view to disable this warning
2023-09-07T08:07:22.630+02:00  INFO 32008 --- [           main] o.s.b.t.m.w.SpringBootMockServletContext : Initializing Spring TestDispatcherServlet ''
2023-09-07T08:07:22.631+02:00  INFO 32008 --- [           main] o.s.t.web.servlet.TestDispatcherServlet  : Initializing Servlet ''
2023-09-07T08:07:22.631+02:00  INFO 32008 --- [           main] o.s.t.web.servlet.TestDispatcherServlet  : Completed initialization in 0 ms
2023-09-07T08:07:22.641+02:00  INFO 32008 --- [           main] c.d.d.c.AuthorControllerIntegrationTests : Started AuthorControllerIntegrationTests in 0.602 seconds (process running for 20.283)
2023-09-07T08:07:22.684+02:00  INFO 32008 --- [           main] j.LocalContainerEntityManagerFactoryBean : Closing JPA EntityManagerFactory for persistence unit 'default'
2023-09-07T08:07:22.684+02:00  INFO 32008 --- [           main] .SchemaDropperImpl$DelayedDropActionImpl : HHH000477: Starting delayed evictData of schema as part of SessionFactory shut-down'
2023-09-07T08:07:22.686+02:00  INFO 32008 --- [           main] com.zaxxer.hikari.HikariDataSource       : HikariPool-10 - Shutdown initiated...
2023-09-07T08:07:22.688+02:00  INFO 32008 --- [           main] com.zaxxer.hikari.HikariDataSource       : HikariPool-10 - Shutdown completed.
]]></system-out>
  </testcase>
  <testcase name="testThatGetAuthorReturnsHttpStatus200WhenAuthorExist" classname="com.devtiro.database.controllers.AuthorControllerIntegrationTests" time="0.033">
    <system-out><![CDATA[  ____              _                 _____ _____
 |  _ \            | |          /\   |  __ \_   _|
 | |_) | ___   ___ | | _____   /  \  | |__) || |
 |  _ < / _ \ / _ \| |/ / __| / /\ \ |  ___/ | |
 | |_) | (_) | (_) |   <\__ \/ ____ \| |    _| |_
 |____/ \___/ \___/|_|\_\___/_/    \_\_|   |_____|
==================================================

2023-09-07T08:07:22.728+02:00  INFO 32008 --- [           main] c.d.d.c.AuthorControllerIntegrationTests : Starting AuthorControllerIntegrationTests using Java 20.0.2 with PID 32008 (started by andri in C:\Users\andri\Downloads\APi\spring-api)
2023-09-07T08:07:22.728+02:00  INFO 32008 --- [           main] c.d.d.c.AuthorControllerIntegrationTests : No active profile set, falling back to 1 default profile: "default"
2023-09-07T08:07:22.930+02:00  INFO 32008 --- [           main] .s.d.r.c.RepositoryConfigurationDelegate : Bootstrapping Spring Data JPA repositories in DEFAULT mode.
2023-09-07T08:07:22.949+02:00  INFO 32008 --- [           main] .s.d.r.c.RepositoryConfigurationDelegate : Finished Spring Data repository scanning in 17 ms. Found 2 JPA repository interfaces.
2023-09-07T08:07:23.007+02:00  INFO 32008 --- [           main] com.zaxxer.hikari.HikariDataSource       : HikariPool-11 - Starting...
2023-09-07T08:07:23.007+02:00  INFO 32008 --- [           main] com.zaxxer.hikari.pool.HikariPool        : HikariPool-11 - Added connection conn100: url=jdbc:h2:mem:testdb user=SA
2023-09-07T08:07:23.010+02:00  INFO 32008 --- [           main] com.zaxxer.hikari.HikariDataSource       : HikariPool-11 - Start completed.
2023-09-07T08:07:23.010+02:00  INFO 32008 --- [           main] o.hibernate.jpa.internal.util.LogHelper  : HHH000204: Processing PersistenceUnitInfo [name: default]
2023-09-07T08:07:23.016+02:00  INFO 32008 --- [           main] o.h.b.i.BytecodeProviderInitiator        : HHH000021: Bytecode provider name : bytebuddy
2023-09-07T08:07:23.016+02:00  INFO 32008 --- [           main] o.s.o.j.p.SpringPersistenceUnitInfo      : No LoadTimeWeaver setup: ignoring JPA class transformer
2023-09-07T08:07:23.019+02:00  INFO 32008 --- [           main] org.hibernate.orm.dialect                : HHH035001: Using dialect: org.hibernate.dialect.H2Dialect, version: 2.1.214
2023-09-07T08:07:23.035+02:00  INFO 32008 --- [           main] o.h.b.i.BytecodeProviderInitiator        : HHH000021: Bytecode provider name : bytebuddy
2023-09-07T08:07:23.073+02:00  INFO 32008 --- [           main] o.h.e.t.j.p.i.JtaPlatformInitiator       : HHH000490: Using JtaPlatform implementation: [org.hibernate.engine.transaction.jta.platform.internal.NoJtaPlatform]
2023-09-07T08:07:23.080+02:00  INFO 32008 --- [           main] o.h.t.s.i.e.GenerationTargetToDatabase   : HHH000476: Executing script '[injected ScriptSourceInputNonExistentImpl script]'
2023-09-07T08:07:23.080+02:00  INFO 32008 --- [           main] j.LocalContainerEntityManagerFactoryBean : Initialized JPA EntityManagerFactory for persistence unit 'default'
2023-09-07T08:07:23.141+02:00  WARN 32008 --- [           main] JpaBaseConfiguration$JpaWebConfiguration : spring.jpa.open-in-view is enabled by default. Therefore, database queries may be performed during view rendering. Explicitly configure spring.jpa.open-in-view to disable this warning
2023-09-07T08:07:23.236+02:00  INFO 32008 --- [           main] o.s.b.t.m.w.SpringBootMockServletContext : Initializing Spring TestDispatcherServlet ''
2023-09-07T08:07:23.236+02:00  INFO 32008 --- [           main] o.s.t.web.servlet.TestDispatcherServlet  : Initializing Servlet ''
2023-09-07T08:07:23.236+02:00  INFO 32008 --- [           main] o.s.t.web.servlet.TestDispatcherServlet  : Completed initialization in 0 ms
2023-09-07T08:07:23.252+02:00  INFO 32008 --- [           main] c.d.d.c.AuthorControllerIntegrationTests : Started AuthorControllerIntegrationTests in 0.558 seconds (process running for 20.894)
2023-09-07T08:07:23.284+02:00  INFO 32008 --- [           main] j.LocalContainerEntityManagerFactoryBean : Closing JPA EntityManagerFactory for persistence unit 'default'
2023-09-07T08:07:23.284+02:00  INFO 32008 --- [           main] .SchemaDropperImpl$DelayedDropActionImpl : HHH000477: Starting delayed evictData of schema as part of SessionFactory shut-down'
2023-09-07T08:07:23.287+02:00  INFO 32008 --- [           main] com.zaxxer.hikari.HikariDataSource       : HikariPool-11 - Shutdown initiated...
2023-09-07T08:07:23.288+02:00  INFO 32008 --- [           main] com.zaxxer.hikari.HikariDataSource       : HikariPool-11 - Shutdown completed.
]]></system-out>
  </testcase>
  <testcase name="testThatGetAuthorReturnsAuthorWhenAuthorExist" classname="com.devtiro.database.controllers.AuthorControllerIntegrationTests" time="0.031">
    <system-out><![CDATA[  ____              _                 _____ _____
 |  _ \            | |          /\   |  __ \_   _|
 | |_) | ___   ___ | | _____   /  \  | |__) || |
 |  _ < / _ \ / _ \| |/ / __| / /\ \ |  ___/ | |
 | |_) | (_) | (_) |   <\__ \/ ____ \| |    _| |_
 |____/ \___/ \___/|_|\_\___/_/    \_\_|   |_____|
==================================================

2023-09-07T08:07:23.327+02:00  INFO 32008 --- [           main] c.d.d.c.AuthorControllerIntegrationTests : Starting AuthorControllerIntegrationTests using Java 20.0.2 with PID 32008 (started by andri in C:\Users\andri\Downloads\APi\spring-api)
2023-09-07T08:07:23.327+02:00  INFO 32008 --- [           main] c.d.d.c.AuthorControllerIntegrationTests : No active profile set, falling back to 1 default profile: "default"
2023-09-07T08:07:23.492+02:00  INFO 32008 --- [           main] .s.d.r.c.RepositoryConfigurationDelegate : Bootstrapping Spring Data JPA repositories in DEFAULT mode.
2023-09-07T08:07:23.508+02:00  INFO 32008 --- [           main] .s.d.r.c.RepositoryConfigurationDelegate : Finished Spring Data repository scanning in 16 ms. Found 2 JPA repository interfaces.
2023-09-07T08:07:23.564+02:00  INFO 32008 --- [           main] com.zaxxer.hikari.HikariDataSource       : HikariPool-12 - Starting...
2023-09-07T08:07:23.564+02:00  INFO 32008 --- [           main] com.zaxxer.hikari.pool.HikariPool        : HikariPool-12 - Added connection conn110: url=jdbc:h2:mem:testdb user=SA
2023-09-07T08:07:23.564+02:00  INFO 32008 --- [           main] com.zaxxer.hikari.HikariDataSource       : HikariPool-12 - Start completed.
2023-09-07T08:07:23.582+02:00  INFO 32008 --- [           main] o.hibernate.jpa.internal.util.LogHelper  : HHH000204: Processing PersistenceUnitInfo [name: default]
2023-09-07T08:07:23.591+02:00  INFO 32008 --- [           main] o.h.b.i.BytecodeProviderInitiator        : HHH000021: Bytecode provider name : bytebuddy
2023-09-07T08:07:23.591+02:00  INFO 32008 --- [           main] o.s.o.j.p.SpringPersistenceUnitInfo      : No LoadTimeWeaver setup: ignoring JPA class transformer
2023-09-07T08:07:23.593+02:00  INFO 32008 --- [           main] org.hibernate.orm.dialect                : HHH035001: Using dialect: org.hibernate.dialect.H2Dialect, version: 2.1.214
2023-09-07T08:07:23.605+02:00  INFO 32008 --- [           main] o.h.b.i.BytecodeProviderInitiator        : HHH000021: Bytecode provider name : bytebuddy
2023-09-07T08:07:23.642+02:00  INFO 32008 --- [           main] o.h.e.t.j.p.i.JtaPlatformInitiator       : HHH000490: Using JtaPlatform implementation: [org.hibernate.engine.transaction.jta.platform.internal.NoJtaPlatform]
2023-09-07T08:07:23.649+02:00  INFO 32008 --- [           main] o.h.t.s.i.e.GenerationTargetToDatabase   : HHH000476: Executing script '[injected ScriptSourceInputNonExistentImpl script]'
2023-09-07T08:07:23.649+02:00  INFO 32008 --- [           main] j.LocalContainerEntityManagerFactoryBean : Initialized JPA EntityManagerFactory for persistence unit 'default'
2023-09-07T08:07:23.730+02:00  WARN 32008 --- [           main] JpaBaseConfiguration$JpaWebConfiguration : spring.jpa.open-in-view is enabled by default. Therefore, database queries may be performed during view rendering. Explicitly configure spring.jpa.open-in-view to disable this warning
2023-09-07T08:07:23.816+02:00  INFO 32008 --- [           main] o.s.b.t.m.w.SpringBootMockServletContext : Initializing Spring TestDispatcherServlet ''
2023-09-07T08:07:23.816+02:00  INFO 32008 --- [           main] o.s.t.web.servlet.TestDispatcherServlet  : Initializing Servlet ''
2023-09-07T08:07:23.818+02:00  INFO 32008 --- [           main] o.s.t.web.servlet.TestDispatcherServlet  : Completed initialization in 2 ms
2023-09-07T08:07:23.826+02:00  INFO 32008 --- [           main] c.d.d.c.AuthorControllerIntegrationTests : Started AuthorControllerIntegrationTests in 0.534 seconds (process running for 21.468)
2023-09-07T08:07:23.856+02:00  INFO 32008 --- [           main] j.LocalContainerEntityManagerFactoryBean : Closing JPA EntityManagerFactory for persistence unit 'default'
2023-09-07T08:07:23.857+02:00  INFO 32008 --- [           main] .SchemaDropperImpl$DelayedDropActionImpl : HHH000477: Starting delayed evictData of schema as part of SessionFactory shut-down'
2023-09-07T08:07:23.858+02:00  INFO 32008 --- [           main] com.zaxxer.hikari.HikariDataSource       : HikariPool-12 - Shutdown initiated...
2023-09-07T08:07:23.860+02:00  INFO 32008 --- [           main] com.zaxxer.hikari.HikariDataSource       : HikariPool-12 - Shutdown completed.
]]></system-out>
  </testcase>
  <testcase name="testThatPartialUpdateExistingAuthorReturnsHttpStatus20Ok" classname="com.devtiro.database.controllers.AuthorControllerIntegrationTests" time="0.04">
    <system-out><![CDATA[  ____              _                 _____ _____
 |  _ \            | |          /\   |  __ \_   _|
 | |_) | ___   ___ | | _____   /  \  | |__) || |
 |  _ < / _ \ / _ \| |/ / __| / /\ \ |  ___/ | |
 | |_) | (_) | (_) |   <\__ \/ ____ \| |    _| |_
 |____/ \___/ \___/|_|\_\___/_/    \_\_|   |_____|
==================================================

2023-09-07T08:07:23.889+02:00  INFO 32008 --- [           main] c.d.d.c.AuthorControllerIntegrationTests : Starting AuthorControllerIntegrationTests using Java 20.0.2 with PID 32008 (started by andri in C:\Users\andri\Downloads\APi\spring-api)
2023-09-07T08:07:23.889+02:00  INFO 32008 --- [           main] c.d.d.c.AuthorControllerIntegrationTests : No active profile set, falling back to 1 default profile: "default"
2023-09-07T08:07:24.042+02:00  INFO 32008 --- [           main] .s.d.r.c.RepositoryConfigurationDelegate : Bootstrapping Spring Data JPA repositories in DEFAULT mode.
2023-09-07T08:07:24.062+02:00  INFO 32008 --- [           main] .s.d.r.c.RepositoryConfigurationDelegate : Finished Spring Data repository scanning in 19 ms. Found 2 JPA repository interfaces.
2023-09-07T08:07:24.119+02:00  INFO 32008 --- [           main] com.zaxxer.hikari.HikariDataSource       : HikariPool-13 - Starting...
2023-09-07T08:07:24.119+02:00  INFO 32008 --- [           main] com.zaxxer.hikari.pool.HikariPool        : HikariPool-13 - Added connection conn120: url=jdbc:h2:mem:testdb user=SA
2023-09-07T08:07:24.121+02:00  INFO 32008 --- [           main] com.zaxxer.hikari.HikariDataSource       : HikariPool-13 - Start completed.
2023-09-07T08:07:24.122+02:00  INFO 32008 --- [           main] o.hibernate.jpa.internal.util.LogHelper  : HHH000204: Processing PersistenceUnitInfo [name: default]
2023-09-07T08:07:24.130+02:00  INFO 32008 --- [           main] o.h.b.i.BytecodeProviderInitiator        : HHH000021: Bytecode provider name : bytebuddy
2023-09-07T08:07:24.130+02:00  INFO 32008 --- [           main] o.s.o.j.p.SpringPersistenceUnitInfo      : No LoadTimeWeaver setup: ignoring JPA class transformer
2023-09-07T08:07:24.131+02:00  INFO 32008 --- [           main] org.hibernate.orm.dialect                : HHH035001: Using dialect: org.hibernate.dialect.H2Dialect, version: 2.1.214
2023-09-07T08:07:24.147+02:00  INFO 32008 --- [           main] o.h.b.i.BytecodeProviderInitiator        : HHH000021: Bytecode provider name : bytebuddy
2023-09-07T08:07:24.180+02:00  INFO 32008 --- [           main] o.h.e.t.j.p.i.JtaPlatformInitiator       : HHH000490: Using JtaPlatform implementation: [org.hibernate.engine.transaction.jta.platform.internal.NoJtaPlatform]
2023-09-07T08:07:24.187+02:00  INFO 32008 --- [           main] o.h.t.s.i.e.GenerationTargetToDatabase   : HHH000476: Executing script '[injected ScriptSourceInputNonExistentImpl script]'
2023-09-07T08:07:24.187+02:00  INFO 32008 --- [           main] j.LocalContainerEntityManagerFactoryBean : Initialized JPA EntityManagerFactory for persistence unit 'default'
2023-09-07T08:07:24.246+02:00  WARN 32008 --- [           main] JpaBaseConfiguration$JpaWebConfiguration : spring.jpa.open-in-view is enabled by default. Therefore, database queries may be performed during view rendering. Explicitly configure spring.jpa.open-in-view to disable this warning
2023-09-07T08:07:24.319+02:00  INFO 32008 --- [           main] o.s.b.t.m.w.SpringBootMockServletContext : Initializing Spring TestDispatcherServlet ''
2023-09-07T08:07:24.319+02:00  INFO 32008 --- [           main] o.s.t.web.servlet.TestDispatcherServlet  : Initializing Servlet ''
2023-09-07T08:07:24.322+02:00  INFO 32008 --- [           main] o.s.t.web.servlet.TestDispatcherServlet  : Completed initialization in 3 ms
2023-09-07T08:07:24.326+02:00  INFO 32008 --- [           main] c.d.d.c.AuthorControllerIntegrationTests : Started AuthorControllerIntegrationTests in 0.464 seconds (process running for 21.969)
2023-09-07T08:07:24.357+02:00  INFO 32008 --- [           main] j.LocalContainerEntityManagerFactoryBean : Closing JPA EntityManagerFactory for persistence unit 'default'
2023-09-07T08:07:24.357+02:00  INFO 32008 --- [           main] .SchemaDropperImpl$DelayedDropActionImpl : HHH000477: Starting delayed evictData of schema as part of SessionFactory shut-down'
2023-09-07T08:07:24.358+02:00  INFO 32008 --- [           main] com.zaxxer.hikari.HikariDataSource       : HikariPool-13 - Shutdown initiated...
2023-09-07T08:07:24.365+02:00  INFO 32008 --- [           main] com.zaxxer.hikari.HikariDataSource       : HikariPool-13 - Shutdown completed.
]]></system-out>
  </testcase>
  <testcase name="testThatCreateAuthorSuccessfullyReturnsSavedAuthor" classname="com.devtiro.database.controllers.AuthorControllerIntegrationTests" time="0.029">
    <system-out><![CDATA[  ____              _                 _____ _____
 |  _ \            | |          /\   |  __ \_   _|
 | |_) | ___   ___ | | _____   /  \  | |__) || |
 |  _ < / _ \ / _ \| |/ / __| / /\ \ |  ___/ | |
 | |_) | (_) | (_) |   <\__ \/ ____ \| |    _| |_
 |____/ \___/ \___/|_|\_\___/_/    \_\_|   |_____|
==================================================

2023-09-07T08:07:24.393+02:00  INFO 32008 --- [           main] c.d.d.c.AuthorControllerIntegrationTests : Starting AuthorControllerIntegrationTests using Java 20.0.2 with PID 32008 (started by andri in C:\Users\andri\Downloads\APi\spring-api)
2023-09-07T08:07:24.393+02:00  INFO 32008 --- [           main] c.d.d.c.AuthorControllerIntegrationTests : No active profile set, falling back to 1 default profile: "default"
2023-09-07T08:07:24.554+02:00  INFO 32008 --- [           main] .s.d.r.c.RepositoryConfigurationDelegate : Bootstrapping Spring Data JPA repositories in DEFAULT mode.
2023-09-07T08:07:24.572+02:00  INFO 32008 --- [           main] .s.d.r.c.RepositoryConfigurationDelegate : Finished Spring Data repository scanning in 17 ms. Found 2 JPA repository interfaces.
2023-09-07T08:07:24.625+02:00  INFO 32008 --- [           main] com.zaxxer.hikari.HikariDataSource       : HikariPool-14 - Starting...
2023-09-07T08:07:24.625+02:00  INFO 32008 --- [           main] com.zaxxer.hikari.pool.HikariPool        : HikariPool-14 - Added connection conn129: url=jdbc:h2:mem:testdb user=SA
2023-09-07T08:07:24.625+02:00  INFO 32008 --- [           main] com.zaxxer.hikari.HikariDataSource       : HikariPool-14 - Start completed.
2023-09-07T08:07:24.630+02:00  INFO 32008 --- [           main] o.hibernate.jpa.internal.util.LogHelper  : HHH000204: Processing PersistenceUnitInfo [name: default]
2023-09-07T08:07:24.632+02:00  INFO 32008 --- [           main] o.h.b.i.BytecodeProviderInitiator        : HHH000021: Bytecode provider name : bytebuddy
2023-09-07T08:07:24.632+02:00  INFO 32008 --- [           main] o.s.o.j.p.SpringPersistenceUnitInfo      : No LoadTimeWeaver setup: ignoring JPA class transformer
2023-09-07T08:07:24.632+02:00  INFO 32008 --- [           main] org.hibernate.orm.dialect                : HHH035001: Using dialect: org.hibernate.dialect.H2Dialect, version: 2.1.214
2023-09-07T08:07:24.653+02:00  INFO 32008 --- [           main] o.h.b.i.BytecodeProviderInitiator        : HHH000021: Bytecode provider name : bytebuddy
2023-09-07T08:07:24.684+02:00  INFO 32008 --- [           main] o.h.e.t.j.p.i.JtaPlatformInitiator       : HHH000490: Using JtaPlatform implementation: [org.hibernate.engine.transaction.jta.platform.internal.NoJtaPlatform]
2023-09-07T08:07:24.696+02:00  INFO 32008 --- [           main] o.h.t.s.i.e.GenerationTargetToDatabase   : HHH000476: Executing script '[injected ScriptSourceInputNonExistentImpl script]'
2023-09-07T08:07:24.696+02:00  INFO 32008 --- [           main] j.LocalContainerEntityManagerFactoryBean : Initialized JPA EntityManagerFactory for persistence unit 'default'
2023-09-07T08:07:24.753+02:00  WARN 32008 --- [           main] JpaBaseConfiguration$JpaWebConfiguration : spring.jpa.open-in-view is enabled by default. Therefore, database queries may be performed during view rendering. Explicitly configure spring.jpa.open-in-view to disable this warning
2023-09-07T08:07:24.844+02:00  INFO 32008 --- [           main] o.s.b.t.m.w.SpringBootMockServletContext : Initializing Spring TestDispatcherServlet ''
2023-09-07T08:07:24.844+02:00  INFO 32008 --- [           main] o.s.t.web.servlet.TestDispatcherServlet  : Initializing Servlet ''
2023-09-07T08:07:24.845+02:00  INFO 32008 --- [           main] o.s.t.web.servlet.TestDispatcherServlet  : Completed initialization in 1 ms
2023-09-07T08:07:24.854+02:00  INFO 32008 --- [           main] c.d.d.c.AuthorControllerIntegrationTests : Started AuthorControllerIntegrationTests in 0.485 seconds (process running for 22.495)
2023-09-07T08:07:24.880+02:00  INFO 32008 --- [           main] j.LocalContainerEntityManagerFactoryBean : Closing JPA EntityManagerFactory for persistence unit 'default'
2023-09-07T08:07:24.880+02:00  INFO 32008 --- [           main] .SchemaDropperImpl$DelayedDropActionImpl : HHH000477: Starting delayed evictData of schema as part of SessionFactory shut-down'
2023-09-07T08:07:24.882+02:00  INFO 32008 --- [           main] com.zaxxer.hikari.HikariDataSource       : HikariPool-14 - Shutdown initiated...
2023-09-07T08:07:24.884+02:00  INFO 32008 --- [           main] com.zaxxer.hikari.HikariDataSource       : HikariPool-14 - Shutdown completed.
]]></system-out>
  </testcase>
  <testcase name="testThatFullUpdateAuthorReturnsHttpStatus4200WhenAuthorExists" classname="com.devtiro.database.controllers.AuthorControllerIntegrationTests" time="0.031">
    <system-out><![CDATA[  ____              _                 _____ _____
 |  _ \            | |          /\   |  __ \_   _|
 | |_) | ___   ___ | | _____   /  \  | |__) || |
 |  _ < / _ \ / _ \| |/ / __| / /\ \ |  ___/ | |
 | |_) | (_) | (_) |   <\__ \/ ____ \| |    _| |_
 |____/ \___/ \___/|_|\_\___/_/    \_\_|   |_____|
==================================================

2023-09-07T08:07:24.914+02:00  INFO 32008 --- [           main] c.d.d.c.AuthorControllerIntegrationTests : Starting AuthorControllerIntegrationTests using Java 20.0.2 with PID 32008 (started by andri in C:\Users\andri\Downloads\APi\spring-api)
2023-09-07T08:07:24.914+02:00  INFO 32008 --- [           main] c.d.d.c.AuthorControllerIntegrationTests : No active profile set, falling back to 1 default profile: "default"
2023-09-07T08:07:25.052+02:00  INFO 32008 --- [           main] .s.d.r.c.RepositoryConfigurationDelegate : Bootstrapping Spring Data JPA repositories in DEFAULT mode.
2023-09-07T08:07:25.067+02:00  INFO 32008 --- [           main] .s.d.r.c.RepositoryConfigurationDelegate : Finished Spring Data repository scanning in 13 ms. Found 2 JPA repository interfaces.
2023-09-07T08:07:25.123+02:00  INFO 32008 --- [           main] com.zaxxer.hikari.HikariDataSource       : HikariPool-15 - Starting...
2023-09-07T08:07:25.125+02:00  INFO 32008 --- [           main] com.zaxxer.hikari.pool.HikariPool        : HikariPool-15 - Added connection conn139: url=jdbc:h2:mem:testdb user=SA
2023-09-07T08:07:25.125+02:00  INFO 32008 --- [           main] com.zaxxer.hikari.HikariDataSource       : HikariPool-15 - Start completed.
2023-09-07T08:07:25.127+02:00  INFO 32008 --- [           main] o.hibernate.jpa.internal.util.LogHelper  : HHH000204: Processing PersistenceUnitInfo [name: default]
2023-09-07T08:07:25.133+02:00  INFO 32008 --- [           main] o.h.b.i.BytecodeProviderInitiator        : HHH000021: Bytecode provider name : bytebuddy
2023-09-07T08:07:25.133+02:00  INFO 32008 --- [           main] o.s.o.j.p.SpringPersistenceUnitInfo      : No LoadTimeWeaver setup: ignoring JPA class transformer
2023-09-07T08:07:25.135+02:00  INFO 32008 --- [           main] org.hibernate.orm.dialect                : HHH035001: Using dialect: org.hibernate.dialect.H2Dialect, version: 2.1.214
2023-09-07T08:07:25.146+02:00  INFO 32008 --- [           main] o.h.b.i.BytecodeProviderInitiator        : HHH000021: Bytecode provider name : bytebuddy
2023-09-07T08:07:25.175+02:00  INFO 32008 --- [           main] o.h.e.t.j.p.i.JtaPlatformInitiator       : HHH000490: Using JtaPlatform implementation: [org.hibernate.engine.transaction.jta.platform.internal.NoJtaPlatform]
2023-09-07T08:07:25.180+02:00  INFO 32008 --- [           main] o.h.t.s.i.e.GenerationTargetToDatabase   : HHH000476: Executing script '[injected ScriptSourceInputNonExistentImpl script]'
2023-09-07T08:07:25.180+02:00  INFO 32008 --- [           main] j.LocalContainerEntityManagerFactoryBean : Initialized JPA EntityManagerFactory for persistence unit 'default'
2023-09-07T08:07:25.227+02:00  WARN 32008 --- [           main] JpaBaseConfiguration$JpaWebConfiguration : spring.jpa.open-in-view is enabled by default. Therefore, database queries may be performed during view rendering. Explicitly configure spring.jpa.open-in-view to disable this warning
2023-09-07T08:07:25.327+02:00  INFO 32008 --- [           main] o.s.b.t.m.w.SpringBootMockServletContext : Initializing Spring TestDispatcherServlet ''
2023-09-07T08:07:25.327+02:00  INFO 32008 --- [           main] o.s.t.web.servlet.TestDispatcherServlet  : Initializing Servlet ''
2023-09-07T08:07:25.327+02:00  INFO 32008 --- [           main] o.s.t.web.servlet.TestDispatcherServlet  : Completed initialization in 0 ms
2023-09-07T08:07:25.347+02:00  INFO 32008 --- [           main] c.d.d.c.AuthorControllerIntegrationTests : Started AuthorControllerIntegrationTests in 0.457 seconds (process running for 22.989)
2023-09-07T08:07:25.375+02:00  INFO 32008 --- [           main] j.LocalContainerEntityManagerFactoryBean : Closing JPA EntityManagerFactory for persistence unit 'default'
2023-09-07T08:07:25.376+02:00  INFO 32008 --- [           main] .SchemaDropperImpl$DelayedDropActionImpl : HHH000477: Starting delayed evictData of schema as part of SessionFactory shut-down'
2023-09-07T08:07:25.377+02:00  INFO 32008 --- [           main] com.zaxxer.hikari.HikariDataSource       : HikariPool-15 - Shutdown initiated...
2023-09-07T08:07:25.380+02:00  INFO 32008 --- [           main] com.zaxxer.hikari.HikariDataSource       : HikariPool-15 - Shutdown completed.
]]></system-out>
  </testcase>
</testsuite>